[0.097s] Invoking command in '/home/hayden/git/advRobotics/P1/drawN_ws/build/turtlesim': CMAKE_PREFIX_PATH=${CMAKE_PREFIX_PATH}:/opt/ros/jazzy DEBUGINFOD_URLS=https://debuginfod.ubuntu.com /usr/bin/cmake /home/hayden/git/advRobotics/P1/drawN_ws/src/ros_tutorials/turtlesim -DCMAKE_INSTALL_PREFIX=/home/hayden/git/advRobotics/P1/drawN_ws/install/turtlesim
[0.576s] -- The C compiler identification is GNU 13.3.0
[0.844s] -- The CXX compiler identification is GNU 13.3.0
[0.923s] -- Detecting C compiler ABI info
[1.216s] -- Detecting C compiler ABI info - done
[1.250s] -- Check for working C compiler: /usr/bin/cc - skipped
[1.253s] -- Detecting C compile features
[1.254s] -- Detecting C compile features - done
[1.277s] -- Detecting CXX compiler ABI info
[1.487s] -- Detecting CXX compiler ABI info - done
[1.503s] -- Check for working CXX compiler: /usr/bin/c++ - skipped
[1.503s] -- Detecting CXX compile features
[1.503s] -- Detecting CXX compile features - done
[1.536s] -- Found ament_cmake: 2.5.4 (/opt/ros/jazzy/share/ament_cmake/cmake)
[1.816s] -- Found Python3: /usr/bin/python3 (found version "3.12.3") found components: Interpreter 
[2.122s] -- Found ament_index_cpp: 1.8.1 (/opt/ros/jazzy/share/ament_index_cpp/cmake)
[2.131s] -- Found geometry_msgs: 5.3.6 (/opt/ros/jazzy/share/geometry_msgs/cmake)
[2.299s] -- Found rosidl_generator_c: 4.6.6 (/opt/ros/jazzy/share/rosidl_generator_c/cmake)
[2.334s] -- Found rosidl_generator_cpp: 4.6.6 (/opt/ros/jazzy/share/rosidl_generator_cpp/cmake)
[2.392s] -- Using all available rosidl_typesupport_c: rosidl_typesupport_fastrtps_c;rosidl_typesupport_introspection_c
[2.443s] -- Using all available rosidl_typesupport_cpp: rosidl_typesupport_fastrtps_cpp;rosidl_typesupport_introspection_cpp
[2.641s] -- Found rcl_interfaces: 2.0.3 (/opt/ros/jazzy/share/rcl_interfaces/cmake)
[2.739s] -- Found rclcpp: 28.1.11 (/opt/ros/jazzy/share/rclcpp/cmake)
[2.826s] -- Found rmw_implementation_cmake: 7.3.2 (/opt/ros/jazzy/share/rmw_implementation_cmake/cmake)
[2.838s] -- Found rmw_fastrtps_cpp: 8.4.3 (/opt/ros/jazzy/share/rmw_fastrtps_cpp/cmake)
[3.111s] -- Found OpenSSL: /usr/lib/x86_64-linux-gnu/libcrypto.so (found version "3.0.13")  
[3.144s] -- Found FastRTPS: /opt/ros/jazzy/include (Required is at least version "2.13") 
[3.178s] -- Using RMW implementation 'rmw_fastrtps_cpp' as default
[3.367s] -- Found rclcpp_action: 28.1.11 (/opt/ros/jazzy/share/rclcpp_action/cmake)
[3.529s] -- Found rosidl_default_generators: 1.6.0 (/opt/ros/jazzy/share/rosidl_default_generators/cmake)
[3.592s] -- Found rosidl_adapter: 4.6.6 (/opt/ros/jazzy/share/rosidl_adapter/cmake)
[3.615s] -- Found std_srvs: 5.3.6 (/opt/ros/jazzy/share/std_srvs/cmake)
[4.584s] -- Found ament_cmake_ros: 0.12.0 (/opt/ros/jazzy/share/ament_cmake_ros/cmake)
[5.723s] -- Using all available rosidl_typesupport_c: rosidl_typesupport_fastrtps_c;rosidl_typesupport_introspection_c
[6.160s] -- Using all available rosidl_typesupport_cpp: rosidl_typesupport_fastrtps_cpp;rosidl_typesupport_introspection_cpp
[6.173s] -- Found python_cmake_module: 0.11.1 (/opt/ros/jazzy/share/python_cmake_module/cmake)
[6.381s] -- Found PythonExtra: /usr/bin/python3  
[7.054s] -- Found Python3: /usr/bin/python3 (found version "3.12.3") found components: Interpreter Development NumPy Development.Module Development.Embed 
[7.115s] -- Found ament_lint_auto: 0.17.3 (/opt/ros/jazzy/share/ament_lint_auto/cmake)
[7.257s] -- Added test 'copyright' to check source files copyright and LICENSE
[7.261s] -- Added test 'cppcheck' to perform static code analysis on C / C++ code
[7.265s] -- Configured cppcheck include dirs: /home/hayden/git/advRobotics/P1/drawN_ws/src/ros_tutorials/turtlesim/include
[7.265s] -- Configured cppcheck exclude dirs and/or files: 
[7.267s] -- Added test 'cpplint' to check C / C++ code against the Google style
[7.267s] -- Configured cpplint exclude dirs and/or files: 
[7.269s] -- Added test 'flake8' to check Python code syntax and style conventions
[7.269s] -- Configured 'flake8' exclude dirs and/or files: 
[7.272s] -- Added test 'lint_cmake' to check CMake code style
[7.275s] -- Added test 'pep257' to check Python code against some of the docstring style conventions in PEP 257
[7.278s] -- Added test 'uncrustify' to check C / C++ code style
[7.278s] -- Configured uncrustify additional arguments: 
[7.281s] -- Added test 'xmllint' to check XML markup files
[7.287s] -- Configuring done (7.1s)
[7.405s] -- Generating done (0.1s)
[7.435s] -- Build files have been written to: /home/hayden/git/advRobotics/P1/drawN_ws/build/turtlesim
[7.461s] Invoked command in '/home/hayden/git/advRobotics/P1/drawN_ws/build/turtlesim' returned '0': CMAKE_PREFIX_PATH=${CMAKE_PREFIX_PATH}:/opt/ros/jazzy DEBUGINFOD_URLS=https://debuginfod.ubuntu.com /usr/bin/cmake /home/hayden/git/advRobotics/P1/drawN_ws/src/ros_tutorials/turtlesim -DCMAKE_INSTALL_PREFIX=/home/hayden/git/advRobotics/P1/drawN_ws/install/turtlesim
[7.461s] Invoking command in '/home/hayden/git/advRobotics/P1/drawN_ws/build/turtlesim': CMAKE_PREFIX_PATH=${CMAKE_PREFIX_PATH}:/opt/ros/jazzy DEBUGINFOD_URLS=https://debuginfod.ubuntu.com /usr/bin/cmake --build /home/hayden/git/advRobotics/P1/drawN_ws/build/turtlesim -- -j10 -l10
[7.629s] [  0%] [34m[1mGenerating type hashes for ROS interfaces[0m
[7.651s] [  0%] Built target ament_cmake_python_copy_turtlesim
[7.969s] running egg_info
[7.974s] creating turtlesim.egg-info
[7.993s] writing turtlesim.egg-info/PKG-INFO
[7.994s] writing dependency_links to turtlesim.egg-info/dependency_links.txt
[7.994s] writing top-level names to turtlesim.egg-info/top_level.txt
[7.996s] writing manifest file 'turtlesim.egg-info/SOURCES.txt'
[8.090s] [  0%] Built target turtlesim__rosidl_generator_type_description
[8.118s] reading manifest file 'turtlesim.egg-info/SOURCES.txt'
[8.125s] writing manifest file 'turtlesim.egg-info/SOURCES.txt'
[8.125s] [  1%] [34m[1mGenerating C code for ROS interfaces[0m
[8.185s] [  2%] [34m[1mGenerating C++ code for ROS interfaces[0m
[8.233s] [  2%] Built target ament_cmake_python_build_turtlesim_egg
[9.574s] [  2%] Built target turtlesim__cpp
[10.199s] [  3%] [32mBuilding C object CMakeFiles/turtlesim__rosidl_generator_c.dir/rosidl_generator_c/turtlesim/action/detail/rotate_absolute__functions.c.o[0m
[10.204s] [  4%] [32mBuilding C object CMakeFiles/turtlesim__rosidl_generator_c.dir/rosidl_generator_c/turtlesim/action/detail/rotate_absolute__type_support.c.o[0m
[10.204s] [  5%] [32mBuilding C object CMakeFiles/turtlesim__rosidl_generator_c.dir/rosidl_generator_c/turtlesim/action/detail/rotate_absolute__description.c.o[0m
[10.208s] [  6%] [32mBuilding C object CMakeFiles/turtlesim__rosidl_generator_c.dir/rosidl_generator_c/turtlesim/msg/detail/color__description.c.o[0m
[10.209s] [  7%] [32mBuilding C object CMakeFiles/turtlesim__rosidl_generator_c.dir/rosidl_generator_c/turtlesim/msg/detail/pose__functions.c.o[0m
[10.211s] [  7%] [32mBuilding C object CMakeFiles/turtlesim__rosidl_generator_c.dir/rosidl_generator_c/turtlesim/msg/detail/color__type_support.c.o[0m
[10.221s] [  8%] [32mBuilding C object CMakeFiles/turtlesim__rosidl_generator_c.dir/rosidl_generator_c/turtlesim/srv/detail/kill__description.c.o[0m
[10.227s] [ 10%] [32mBuilding C object CMakeFiles/turtlesim__rosidl_generator_c.dir/rosidl_generator_c/turtlesim/msg/detail/pose__description.c.o[0m
[10.227s] [  9%] [32mBuilding C object CMakeFiles/turtlesim__rosidl_generator_c.dir/rosidl_generator_c/turtlesim/msg/detail/pose__type_support.c.o[0m
[10.233s] [ 11%] [32mBuilding C object CMakeFiles/turtlesim__rosidl_generator_c.dir/rosidl_generator_c/turtlesim/msg/detail/color__functions.c.o[0m
[10.525s] [ 12%] [32mBuilding C object CMakeFiles/turtlesim__rosidl_generator_c.dir/rosidl_generator_c/turtlesim/srv/detail/kill__functions.c.o[0m
[10.546s] [ 13%] [32mBuilding C object CMakeFiles/turtlesim__rosidl_generator_c.dir/rosidl_generator_c/turtlesim/srv/detail/kill__type_support.c.o[0m
[10.605s] [ 13%] [32mBuilding C object CMakeFiles/turtlesim__rosidl_generator_c.dir/rosidl_generator_c/turtlesim/srv/detail/set_pen__description.c.o[0m
[10.683s] [ 14%] [32mBuilding C object CMakeFiles/turtlesim__rosidl_generator_c.dir/rosidl_generator_c/turtlesim/srv/detail/set_pen__type_support.c.o[0m
[10.686s] [ 15%] [32mBuilding C object CMakeFiles/turtlesim__rosidl_generator_c.dir/rosidl_generator_c/turtlesim/srv/detail/set_pen__functions.c.o[0m
[10.698s] [ 16%] [32mBuilding C object CMakeFiles/turtlesim__rosidl_generator_c.dir/rosidl_generator_c/turtlesim/srv/detail/spawn__description.c.o[0m
[10.860s] [ 17%] [32mBuilding C object CMakeFiles/turtlesim__rosidl_generator_c.dir/rosidl_generator_c/turtlesim/srv/detail/spawn__type_support.c.o[0m
[10.871s] [ 18%] [32mBuilding C object CMakeFiles/turtlesim__rosidl_generator_c.dir/rosidl_generator_c/turtlesim/srv/detail/teleport_absolute__functions.c.o[0m
[10.892s] [ 19%] [32mBuilding C object CMakeFiles/turtlesim__rosidl_generator_c.dir/rosidl_generator_c/turtlesim/srv/detail/teleport_absolute__description.c.o[0m
[10.904s] [ 20%] [32mBuilding C object CMakeFiles/turtlesim__rosidl_generator_c.dir/rosidl_generator_c/turtlesim/srv/detail/spawn__functions.c.o[0m
[10.942s] [ 20%] [32mBuilding C object CMakeFiles/turtlesim__rosidl_generator_c.dir/rosidl_generator_c/turtlesim/srv/detail/teleport_absolute__type_support.c.o[0m
[10.948s] [ 21%] [32mBuilding C object CMakeFiles/turtlesim__rosidl_generator_c.dir/rosidl_generator_c/turtlesim/srv/detail/teleport_relative__description.c.o[0m
[11.033s] [ 22%] [32mBuilding C object CMakeFiles/turtlesim__rosidl_generator_c.dir/rosidl_generator_c/turtlesim/srv/detail/teleport_relative__functions.c.o[0m
[11.060s] [ 23%] [32mBuilding C object CMakeFiles/turtlesim__rosidl_generator_c.dir/rosidl_generator_c/turtlesim/srv/detail/teleport_relative__type_support.c.o[0m
[11.228s] [ 24%] [32m[1mLinking C shared library libturtlesim__rosidl_generator_c.so[0m
[11.301s] [ 24%] Built target turtlesim__rosidl_generator_c
[11.351s] [ 25%] [34m[1mGenerating C++ type support dispatch for ROS interfaces[0m
[11.352s] [ 25%] [34m[1mGenerating C++ introspection for ROS interfaces[0m
[11.352s] [ 26%] [34m[1mGenerating C type support dispatch for ROS interfaces[0m
[11.353s] [ 27%] [34m[1mGenerating C++ type support for eProsima Fast-RTPS[0m
[11.355s] [ 28%] [34m[1mGenerating C type support for eProsima Fast-RTPS[0m
[11.358s] [ 29%] [34m[1mGenerating C introspection for ROS interfaces[0m
[11.906s] [ 30%] [32mBuilding CXX object CMakeFiles/turtlesim__rosidl_typesupport_cpp.dir/rosidl_typesupport_cpp/turtlesim/action/rotate_absolute__type_support.cpp.o[0m
[11.906s] [ 31%] [32mBuilding CXX object CMakeFiles/turtlesim__rosidl_typesupport_cpp.dir/rosidl_typesupport_cpp/turtlesim/msg/color__type_support.cpp.o[0m
[11.930s] [ 31%] [32mBuilding CXX object CMakeFiles/turtlesim__rosidl_typesupport_cpp.dir/rosidl_typesupport_cpp/turtlesim/srv/kill__type_support.cpp.o[0m
[11.950s] [ 32%] [32mBuilding CXX object CMakeFiles/turtlesim__rosidl_typesupport_cpp.dir/rosidl_typesupport_cpp/turtlesim/msg/pose__type_support.cpp.o[0m
[12.012s] [ 33%] [32mBuilding CXX object CMakeFiles/turtlesim__rosidl_typesupport_cpp.dir/rosidl_typesupport_cpp/turtlesim/srv/set_pen__type_support.cpp.o[0m
[12.068s] [ 34%] [32mBuilding CXX object CMakeFiles/turtlesim__rosidl_typesupport_c.dir/rosidl_typesupport_c/turtlesim/action/rotate_absolute__type_support.cpp.o[0m
[12.452s] [ 35%] [32mBuilding CXX object CMakeFiles/turtlesim__rosidl_typesupport_c.dir/rosidl_typesupport_c/turtlesim/msg/color__type_support.cpp.o[0m
[12.702s] [ 36%] [32mBuilding CXX object CMakeFiles/turtlesim__rosidl_typesupport_c.dir/rosidl_typesupport_c/turtlesim/msg/pose__type_support.cpp.o[0m
[12.920s] [ 37%] [32mBuilding CXX object CMakeFiles/turtlesim__rosidl_typesupport_introspection_cpp.dir/rosidl_typesupport_introspection_cpp/turtlesim/action/detail/rotate_absolute__type_support.cpp.o[0m
[12.960s] [ 38%] [32mBuilding CXX object CMakeFiles/turtlesim__rosidl_typesupport_c.dir/rosidl_typesupport_c/turtlesim/srv/kill__type_support.cpp.o[0m
[13.249s] [ 39%] [32mBuilding CXX object CMakeFiles/turtlesim__rosidl_typesupport_c.dir/rosidl_typesupport_c/turtlesim/srv/set_pen__type_support.cpp.o[0m
[13.268s] [ 40%] [32mBuilding C object CMakeFiles/turtlesim__rosidl_typesupport_introspection_c.dir/rosidl_typesupport_introspection_c/turtlesim/action/detail/rotate_absolute__type_support.c.o[0m
[13.682s] [ 40%] [32mBuilding CXX object CMakeFiles/turtlesim__rosidl_typesupport_c.dir/rosidl_typesupport_c/turtlesim/srv/spawn__type_support.cpp.o[0m
[13.896s] [ 41%] [32mBuilding C object CMakeFiles/turtlesim__rosidl_typesupport_introspection_c.dir/rosidl_typesupport_introspection_c/turtlesim/msg/detail/color__type_support.c.o[0m
[13.927s] [ 42%] [32mBuilding CXX object CMakeFiles/turtlesim__rosidl_typesupport_fastrtps_cpp.dir/rosidl_typesupport_fastrtps_cpp/turtlesim/action/detail/dds_fastrtps/rotate_absolute__type_support.cpp.o[0m
[14.178s] [ 42%] [32mBuilding C object CMakeFiles/turtlesim__rosidl_typesupport_introspection_c.dir/rosidl_typesupport_introspection_c/turtlesim/msg/detail/pose__type_support.c.o[0m
[14.194s] [ 43%] [32mBuilding CXX object CMakeFiles/turtlesim__rosidl_typesupport_c.dir/rosidl_typesupport_c/turtlesim/srv/teleport_absolute__type_support.cpp.o[0m
[14.454s] [ 44%] [32mBuilding C object CMakeFiles/turtlesim__rosidl_typesupport_introspection_c.dir/rosidl_typesupport_introspection_c/turtlesim/srv/detail/kill__type_support.c.o[0m
[14.590s] [ 44%] [32mBuilding CXX object CMakeFiles/turtlesim__rosidl_typesupport_fastrtps_c.dir/rosidl_typesupport_fastrtps_c/turtlesim/action/detail/rotate_absolute__type_support_c.cpp.o[0m
[14.633s] [ 45%] [32mBuilding CXX object CMakeFiles/turtlesim__rosidl_typesupport_c.dir/rosidl_typesupport_c/turtlesim/srv/teleport_relative__type_support.cpp.o[0m
[14.871s] [ 46%] [32mBuilding C object CMakeFiles/turtlesim__rosidl_typesupport_introspection_c.dir/rosidl_typesupport_introspection_c/turtlesim/srv/detail/set_pen__type_support.c.o[0m
[14.942s] [ 47%] [32mBuilding C object CMakeFiles/turtlesim__rosidl_typesupport_introspection_c.dir/rosidl_typesupport_introspection_c/turtlesim/srv/detail/spawn__type_support.c.o[0m
[15.064s] [ 48%] [32m[1mLinking CXX shared library libturtlesim__rosidl_typesupport_c.so[0m
[15.227s] [ 49%] [32mBuilding CXX object CMakeFiles/turtlesim__rosidl_typesupport_introspection_cpp.dir/rosidl_typesupport_introspection_cpp/turtlesim/msg/detail/color__type_support.cpp.o[0m
[15.304s] [ 50%] [32mBuilding CXX object CMakeFiles/turtlesim__rosidl_typesupport_introspection_cpp.dir/rosidl_typesupport_introspection_cpp/turtlesim/msg/detail/pose__type_support.cpp.o[0m
[15.324s] [ 51%] [32mBuilding CXX object CMakeFiles/turtlesim__rosidl_typesupport_cpp.dir/rosidl_typesupport_cpp/turtlesim/srv/spawn__type_support.cpp.o[0m
[15.409s] [ 52%] [32mBuilding C object CMakeFiles/turtlesim__rosidl_typesupport_introspection_c.dir/rosidl_typesupport_introspection_c/turtlesim/srv/detail/teleport_absolute__type_support.c.o[0m
[15.409s] [ 53%] [32mBuilding CXX object CMakeFiles/turtlesim__rosidl_typesupport_fastrtps_cpp.dir/rosidl_typesupport_fastrtps_cpp/turtlesim/msg/detail/dds_fastrtps/color__type_support.cpp.o[0m
[15.499s] [ 53%] Built target turtlesim__rosidl_typesupport_c
[15.785s] [ 54%] [32mBuilding CXX object CMakeFiles/turtlesim__rosidl_typesupport_introspection_cpp.dir/rosidl_typesupport_introspection_cpp/turtlesim/srv/detail/kill__type_support.cpp.o[0m
[15.808s] [ 55%] [32mBuilding CXX object CMakeFiles/turtlesim__rosidl_typesupport_fastrtps_cpp.dir/rosidl_typesupport_fastrtps_cpp/turtlesim/msg/detail/dds_fastrtps/pose__type_support.cpp.o[0m
[15.820s] [ 56%] [32mBuilding C object CMakeFiles/turtlesim__rosidl_typesupport_introspection_c.dir/rosidl_typesupport_introspection_c/turtlesim/srv/detail/teleport_relative__type_support.c.o[0m
[15.873s] [ 57%] [32mBuilding CXX object CMakeFiles/turtlesim__rosidl_typesupport_cpp.dir/rosidl_typesupport_cpp/turtlesim/srv/teleport_absolute__type_support.cpp.o[0m
[15.892s] [ 58%] [32mBuilding CXX object CMakeFiles/turtlesim__rosidl_typesupport_cpp.dir/rosidl_typesupport_cpp/turtlesim/srv/teleport_relative__type_support.cpp.o[0m
[15.906s] [ 59%] [32m[1mLinking C shared library libturtlesim__rosidl_typesupport_introspection_c.so[0m
[16.085s] [ 60%] [32mBuilding CXX object CMakeFiles/turtlesim__rosidl_typesupport_introspection_cpp.dir/rosidl_typesupport_introspection_cpp/turtlesim/srv/detail/set_pen__type_support.cpp.o[0m
[16.116s] [ 60%] Built target turtlesim__rosidl_typesupport_introspection_c
[16.116s] [ 61%] [32mBuilding CXX object CMakeFiles/turtlesim__rosidl_typesupport_introspection_cpp.dir/rosidl_typesupport_introspection_cpp/turtlesim/srv/detail/spawn__type_support.cpp.o[0m
[16.134s] [ 62%] [32mBuilding CXX object CMakeFiles/turtlesim__rosidl_typesupport_fastrtps_c.dir/rosidl_typesupport_fastrtps_c/turtlesim/msg/detail/color__type_support_c.cpp.o[0m
[16.137s] [ 62%] [32mBuilding CXX object CMakeFiles/turtlesim__rosidl_typesupport_introspection_cpp.dir/rosidl_typesupport_introspection_cpp/turtlesim/srv/detail/teleport_absolute__type_support.cpp.o[0m
[16.182s] [ 63%] [32mBuilding CXX object CMakeFiles/turtlesim__rosidl_typesupport_introspection_cpp.dir/rosidl_typesupport_introspection_cpp/turtlesim/srv/detail/teleport_relative__type_support.cpp.o[0m
[16.395s] [ 64%] [32mBuilding CXX object CMakeFiles/turtlesim__rosidl_typesupport_fastrtps_cpp.dir/rosidl_typesupport_fastrtps_cpp/turtlesim/srv/detail/dds_fastrtps/kill__type_support.cpp.o[0m
[16.419s] [ 65%] [32mBuilding CXX object CMakeFiles/turtlesim__rosidl_typesupport_fastrtps_c.dir/rosidl_typesupport_fastrtps_c/turtlesim/msg/detail/pose__type_support_c.cpp.o[0m
[16.570s] [ 65%] [32mBuilding CXX object CMakeFiles/turtlesim__rosidl_typesupport_fastrtps_cpp.dir/rosidl_typesupport_fastrtps_cpp/turtlesim/srv/detail/dds_fastrtps/set_pen__type_support.cpp.o[0m
[16.719s] [ 66%] [32mBuilding CXX object CMakeFiles/turtlesim__rosidl_typesupport_fastrtps_cpp.dir/rosidl_typesupport_fastrtps_cpp/turtlesim/srv/detail/dds_fastrtps/spawn__type_support.cpp.o[0m
[16.784s] [ 67%] [32m[1mLinking CXX shared library libturtlesim__rosidl_typesupport_cpp.so[0m
[16.923s] [ 68%] [32mBuilding CXX object CMakeFiles/turtlesim__rosidl_typesupport_fastrtps_cpp.dir/rosidl_typesupport_fastrtps_cpp/turtlesim/srv/detail/dds_fastrtps/teleport_absolute__type_support.cpp.o[0m
[16.933s] [ 69%] [32mBuilding CXX object CMakeFiles/turtlesim__rosidl_typesupport_fastrtps_c.dir/rosidl_typesupport_fastrtps_c/turtlesim/srv/detail/kill__type_support_c.cpp.o[0m
[17.039s] [ 70%] [32mBuilding CXX object CMakeFiles/turtlesim__rosidl_typesupport_fastrtps_cpp.dir/rosidl_typesupport_fastrtps_cpp/turtlesim/srv/detail/dds_fastrtps/teleport_relative__type_support.cpp.o[0m
[17.071s] [ 70%] Built target turtlesim__rosidl_typesupport_cpp
[17.094s] [ 71%] [34m[1mGenerating include/turtlesim/moc_turtle_frame.cpp[0m
[17.119s] [ 72%] [32m[1mLinking CXX shared library libturtlesim__rosidl_typesupport_introspection_cpp.so[0m
[17.380s] [ 73%] [32mBuilding CXX object CMakeFiles/turtle_teleop_key.dir/tutorials/teleop_turtle_key.cpp.o[0m
[17.807s] [ 74%] [32mBuilding CXX object CMakeFiles/turtlesim__rosidl_typesupport_fastrtps_c.dir/rosidl_typesupport_fastrtps_c/turtlesim/srv/detail/set_pen__type_support_c.cpp.o[0m
[17.834s] [ 74%] Built target turtlesim__rosidl_typesupport_introspection_cpp
[17.902s] [ 75%] [32mBuilding CXX object CMakeFiles/turtlesim__rosidl_typesupport_fastrtps_c.dir/rosidl_typesupport_fastrtps_c/turtlesim/srv/detail/spawn__type_support_c.cpp.o[0m
[18.698s] [ 75%] [32mBuilding CXX object CMakeFiles/turtlesim__rosidl_typesupport_fastrtps_c.dir/rosidl_typesupport_fastrtps_c/turtlesim/srv/detail/teleport_relative__type_support_c.cpp.o[0m
[18.726s] [ 76%] [32mBuilding CXX object CMakeFiles/turtlesim__rosidl_typesupport_fastrtps_c.dir/rosidl_typesupport_fastrtps_c/turtlesim/srv/detail/teleport_absolute__type_support_c.cpp.o[0m
[18.739s] [ 77%] [32mBuilding CXX object CMakeFiles/turtlesim_node.dir/src/turtlesim.cpp.o[0m
[19.023s] [ 78%] [32mBuilding CXX object CMakeFiles/turtlesim_node.dir/src/turtle.cpp.o[0m
[19.502s] [ 79%] [32mBuilding CXX object CMakeFiles/turtlesim_node.dir/src/turtle_frame.cpp.o[0m
[19.550s] [ 80%] [32m[1mLinking CXX shared library libturtlesim__rosidl_typesupport_fastrtps_cpp.so[0m
[19.645s] [ 80%] [32mBuilding CXX object CMakeFiles/turtlesim_node.dir/include/turtlesim/moc_turtle_frame.cpp.o[0m
[20.095s] [ 80%] Built target turtlesim__rosidl_typesupport_fastrtps_cpp
[20.167s] [ 80%] [32mBuilding CXX object CMakeFiles/draw_square.dir/tutorials/draw_square.cpp.o[0m
[20.222s] [ 81%] [32mBuilding CXX object CMakeFiles/mimic.dir/tutorials/mimic.cpp.o[0m
[20.404s] [ 82%] [32m[1mLinking CXX shared library libturtlesim__rosidl_typesupport_fastrtps_c.so[0m
[20.630s] [ 82%] Built target turtlesim__rosidl_typesupport_fastrtps_c
[20.706s] [ 82%] Built target turtlesim
[20.764s] [ 82%] [34m[1mGenerating Python code for ROS interfaces[0m
[22.436s] [ 82%] Built target turtlesim__py
[22.492s] [ 83%] [32mBuilding C object CMakeFiles/turtlesim__rosidl_generator_py.dir/rosidl_generator_py/turtlesim/msg/_color_s.c.o[0m
[22.502s] [ 84%] [32mBuilding C object CMakeFiles/turtlesim__rosidl_generator_py.dir/rosidl_generator_py/turtlesim/action/_rotate_absolute_s.c.o[0m
[22.508s] [ 84%] [32mBuilding C object CMakeFiles/turtlesim__rosidl_generator_py.dir/rosidl_generator_py/turtlesim/msg/_pose_s.c.o[0m
[23.656s] [ 85%] [32mBuilding C object CMakeFiles/turtlesim__rosidl_generator_py.dir/rosidl_generator_py/turtlesim/srv/_set_pen_s.c.o[0m
[23.660s] [ 86%] [32mBuilding C object CMakeFiles/turtlesim__rosidl_generator_py.dir/rosidl_generator_py/turtlesim/srv/_kill_s.c.o[0m
[23.923s] [ 87%] [32mBuilding C object CMakeFiles/turtlesim__rosidl_generator_py.dir/rosidl_generator_py/turtlesim/srv/_spawn_s.c.o[0m
[24.001s] [ 88%] [32mBuilding C object CMakeFiles/turtlesim__rosidl_generator_py.dir/rosidl_generator_py/turtlesim/srv/_teleport_absolute_s.c.o[0m
[24.039s] [ 89%] [32mBuilding C object CMakeFiles/turtlesim__rosidl_generator_py.dir/rosidl_generator_py/turtlesim/srv/_teleport_relative_s.c.o[0m
[24.647s] [ 90%] [32m[1mLinking C shared library libturtlesim__rosidl_generator_py.so[0m
[24.846s] [ 90%] Built target turtlesim__rosidl_generator_py
[25.414s] [ 91%] [32mBuilding C object CMakeFiles/turtlesim_s__rosidl_typesupport_introspection_c.dir/rosidl_generator_py/turtlesim/_turtlesim_s.ep.rosidl_typesupport_introspection_c.c.o[0m
[25.419s] [ 92%] [32mBuilding C object CMakeFiles/turtlesim_s__rosidl_typesupport_fastrtps_c.dir/rosidl_generator_py/turtlesim/_turtlesim_s.ep.rosidl_typesupport_fastrtps_c.c.o[0m
[25.505s] [ 93%] [32mBuilding C object CMakeFiles/turtlesim_s__rosidl_typesupport_c.dir/rosidl_generator_py/turtlesim/_turtlesim_s.ep.rosidl_typesupport_c.c.o[0m
[26.293s] [ 94%] [32m[1mLinking C shared module rosidl_generator_py/turtlesim/turtlesim_s__rosidl_typesupport_fastrtps_c.so[0m
[26.383s] [ 95%] [32m[1mLinking C shared module rosidl_generator_py/turtlesim/turtlesim_s__rosidl_typesupport_introspection_c.so[0m
[26.449s] [ 95%] Built target turtlesim_s__rosidl_typesupport_fastrtps_c
[26.478s] [ 96%] [32m[1mLinking C shared module rosidl_generator_py/turtlesim/turtlesim_s__rosidl_typesupport_c.so[0m
[26.534s] [ 96%] Built target turtlesim_s__rosidl_typesupport_introspection_c
[26.608s] [ 96%] Built target turtlesim_s__rosidl_typesupport_c
[33.277s] [ 97%] [32m[1mLinking CXX executable turtle_teleop_key[0m
[33.651s] [ 97%] Built target turtle_teleop_key
[36.522s] [ 98%] [32m[1mLinking CXX executable mimic[0m
[36.869s] [ 98%] Built target mimic
[37.463s] [ 99%] [32m[1mLinking CXX executable draw_square[0m
[37.816s] [ 99%] Built target draw_square
[40.490s] [100%] [32m[1mLinking CXX executable turtlesim_node[0m
[41.970s] [100%] Built target turtlesim_node
[41.992s] Invoked command in '/home/hayden/git/advRobotics/P1/drawN_ws/build/turtlesim' returned '0': CMAKE_PREFIX_PATH=${CMAKE_PREFIX_PATH}:/opt/ros/jazzy DEBUGINFOD_URLS=https://debuginfod.ubuntu.com /usr/bin/cmake --build /home/hayden/git/advRobotics/P1/drawN_ws/build/turtlesim -- -j10 -l10
[42.008s] Invoking command in '/home/hayden/git/advRobotics/P1/drawN_ws/build/turtlesim': CMAKE_PREFIX_PATH=${CMAKE_PREFIX_PATH}:/opt/ros/jazzy DEBUGINFOD_URLS=https://debuginfod.ubuntu.com /usr/bin/cmake --install /home/hayden/git/advRobotics/P1/drawN_ws/build/turtlesim
[42.018s] -- Install configuration: ""
[42.018s] -- Installing: /home/hayden/git/advRobotics/P1/drawN_ws/install/turtlesim/share/ament_index/resource_index/rosidl_interfaces/turtlesim
[42.018s] -- Installing: /home/hayden/git/advRobotics/P1/drawN_ws/install/turtlesim/share/turtlesim/action/RotateAbsolute.json
[42.018s] -- Installing: /home/hayden/git/advRobotics/P1/drawN_ws/install/turtlesim/share/turtlesim/msg/Color.json
[42.018s] -- Installing: /home/hayden/git/advRobotics/P1/drawN_ws/install/turtlesim/share/turtlesim/msg/Pose.json
[42.018s] -- Installing: /home/hayden/git/advRobotics/P1/drawN_ws/install/turtlesim/share/turtlesim/srv/Kill.json
[42.018s] -- Installing: /home/hayden/git/advRobotics/P1/drawN_ws/install/turtlesim/share/turtlesim/srv/SetPen.json
[42.018s] -- Installing: /home/hayden/git/advRobotics/P1/drawN_ws/install/turtlesim/share/turtlesim/srv/Spawn.json
[42.018s] -- Installing: /home/hayden/git/advRobotics/P1/drawN_ws/install/turtlesim/share/turtlesim/srv/TeleportAbsolute.json
[42.019s] -- Installing: /home/hayden/git/advRobotics/P1/drawN_ws/install/turtlesim/share/turtlesim/srv/TeleportRelative.json
[42.019s] -- Installing: /home/hayden/git/advRobotics/P1/drawN_ws/install/turtlesim/include/turtlesim/turtlesim
[42.019s] -- Installing: /home/hayden/git/advRobotics/P1/drawN_ws/install/turtlesim/include/turtlesim/turtlesim/srv
[42.019s] -- Installing: /home/hayden/git/advRobotics/P1/drawN_ws/install/turtlesim/include/turtlesim/turtlesim/srv/teleport_relative.h
[42.024s] -- Installing: /home/hayden/git/advRobotics/P1/drawN_ws/install/turtlesim/include/turtlesim/turtlesim/srv/kill.h
[42.024s] -- Installing: /home/hayden/git/advRobotics/P1/drawN_ws/install/turtlesim/include/turtlesim/turtlesim/srv/teleport_absolute.h
[42.024s] -- Installing: /home/hayden/git/advRobotics/P1/drawN_ws/install/turtlesim/include/turtlesim/turtlesim/srv/detail
[42.024s] -- Installing: /home/hayden/git/advRobotics/P1/drawN_ws/install/turtlesim/include/turtlesim/turtlesim/srv/detail/set_pen__description.c
[42.024s] -- Installing: /home/hayden/git/advRobotics/P1/drawN_ws/install/turtlesim/include/turtlesim/turtlesim/srv/detail/teleport_absolute__description.c
[42.024s] -- Installing: /home/hayden/git/advRobotics/P1/drawN_ws/install/turtlesim/include/turtlesim/turtlesim/srv/detail/teleport_absolute__type_support.h
[42.025s] -- Installing: /home/hayden/git/advRobotics/P1/drawN_ws/install/turtlesim/include/turtlesim/turtlesim/srv/detail/teleport_absolute__struct.h
[42.026s] -- Installing: /home/hayden/git/advRobotics/P1/drawN_ws/install/turtlesim/include/turtlesim/turtlesim/srv/detail/teleport_absolute__functions.h
[42.027s] -- Installing: /home/hayden/git/advRobotics/P1/drawN_ws/install/turtlesim/include/turtlesim/turtlesim/srv/detail/set_pen__functions.c
[42.028s] -- Installing: /home/hayden/git/advRobotics/P1/drawN_ws/install/turtlesim/include/turtlesim/turtlesim/srv/detail/spawn__type_support.c
[42.028s] -- Installing: /home/hayden/git/advRobotics/P1/drawN_ws/install/turtlesim/include/turtlesim/turtlesim/srv/detail/set_pen__type_support.c
[42.028s] -- Installing: /home/hayden/git/advRobotics/P1/drawN_ws/install/turtlesim/include/turtlesim/turtlesim/srv/detail/set_pen__functions.h
[42.028s] -- Installing: /home/hayden/git/advRobotics/P1/drawN_ws/install/turtlesim/include/turtlesim/turtlesim/srv/detail/kill__functions.c
[42.028s] -- Installing: /home/hayden/git/advRobotics/P1/drawN_ws/install/turtlesim/include/turtlesim/turtlesim/srv/detail/spawn__description.c
[42.028s] -- Installing: /home/hayden/git/advRobotics/P1/drawN_ws/install/turtlesim/include/turtlesim/turtlesim/srv/detail/teleport_absolute__type_support.c
[42.028s] -- Installing: /home/hayden/git/advRobotics/P1/drawN_ws/install/turtlesim/include/turtlesim/turtlesim/srv/detail/set_pen__struct.h
[42.028s] -- Installing: /home/hayden/git/advRobotics/P1/drawN_ws/install/turtlesim/include/turtlesim/turtlesim/srv/detail/kill__description.c
[42.028s] -- Installing: /home/hayden/git/advRobotics/P1/drawN_ws/install/turtlesim/include/turtlesim/turtlesim/srv/detail/teleport_relative__functions.h
[42.029s] -- Installing: /home/hayden/git/advRobotics/P1/drawN_ws/install/turtlesim/include/turtlesim/turtlesim/srv/detail/teleport_relative__description.c
[42.029s] -- Installing: /home/hayden/git/advRobotics/P1/drawN_ws/install/turtlesim/include/turtlesim/turtlesim/srv/detail/kill__type_support.h
[42.029s] -- Installing: /home/hayden/git/advRobotics/P1/drawN_ws/install/turtlesim/include/turtlesim/turtlesim/srv/detail/spawn__type_support.h
[42.029s] -- Installing: /home/hayden/git/advRobotics/P1/drawN_ws/install/turtlesim/include/turtlesim/turtlesim/srv/detail/teleport_relative__type_support.h
[42.029s] -- Installing: /home/hayden/git/advRobotics/P1/drawN_ws/install/turtlesim/include/turtlesim/turtlesim/srv/detail/kill__type_support.c
[42.029s] -- Installing: /home/hayden/git/advRobotics/P1/drawN_ws/install/turtlesim/include/turtlesim/turtlesim/srv/detail/teleport_relative__functions.c
[42.030s] -- Installing: /home/hayden/git/advRobotics/P1/drawN_ws/install/turtlesim/include/turtlesim/turtlesim/srv/detail/teleport_relative__type_support.c
[42.030s] -- Installing: /home/hayden/git/advRobotics/P1/drawN_ws/install/turtlesim/include/turtlesim/turtlesim/srv/detail/kill__functions.h
[42.030s] -- Installing: /home/hayden/git/advRobotics/P1/drawN_ws/install/turtlesim/include/turtlesim/turtlesim/srv/detail/kill__struct.h
[42.030s] -- Installing: /home/hayden/git/advRobotics/P1/drawN_ws/install/turtlesim/include/turtlesim/turtlesim/srv/detail/teleport_relative__struct.h
[42.030s] -- Installing: /home/hayden/git/advRobotics/P1/drawN_ws/install/turtlesim/include/turtlesim/turtlesim/srv/detail/spawn__functions.c
[42.030s] -- Installing: /home/hayden/git/advRobotics/P1/drawN_ws/install/turtlesim/include/turtlesim/turtlesim/srv/detail/teleport_absolute__functions.c
[42.030s] -- Installing: /home/hayden/git/advRobotics/P1/drawN_ws/install/turtlesim/include/turtlesim/turtlesim/srv/detail/spawn__struct.h
[42.030s] -- Installing: /home/hayden/git/advRobotics/P1/drawN_ws/install/turtlesim/include/turtlesim/turtlesim/srv/detail/set_pen__type_support.h
[42.030s] -- Installing: /home/hayden/git/advRobotics/P1/drawN_ws/install/turtlesim/include/turtlesim/turtlesim/srv/detail/spawn__functions.h
[42.030s] -- Installing: /home/hayden/git/advRobotics/P1/drawN_ws/install/turtlesim/include/turtlesim/turtlesim/srv/spawn.h
[42.030s] -- Installing: /home/hayden/git/advRobotics/P1/drawN_ws/install/turtlesim/include/turtlesim/turtlesim/srv/set_pen.h
[42.030s] -- Installing: /home/hayden/git/advRobotics/P1/drawN_ws/install/turtlesim/include/turtlesim/turtlesim/msg
[42.031s] -- Installing: /home/hayden/git/advRobotics/P1/drawN_ws/install/turtlesim/include/turtlesim/turtlesim/msg/rosidl_generator_c__visibility_control.h
[42.031s] -- Installing: /home/hayden/git/advRobotics/P1/drawN_ws/install/turtlesim/include/turtlesim/turtlesim/msg/pose.h
[42.031s] -- Installing: /home/hayden/git/advRobotics/P1/drawN_ws/install/turtlesim/include/turtlesim/turtlesim/msg/detail
[42.031s] -- Installing: /home/hayden/git/advRobotics/P1/drawN_ws/install/turtlesim/include/turtlesim/turtlesim/msg/detail/pose__struct.h
[42.031s] -- Installing: /home/hayden/git/advRobotics/P1/drawN_ws/install/turtlesim/include/turtlesim/turtlesim/msg/detail/color__description.c
[42.031s] -- Installing: /home/hayden/git/advRobotics/P1/drawN_ws/install/turtlesim/include/turtlesim/turtlesim/msg/detail/pose__type_support.h
[42.031s] -- Installing: /home/hayden/git/advRobotics/P1/drawN_ws/install/turtlesim/include/turtlesim/turtlesim/msg/detail/pose__type_support.c
[42.031s] -- Installing: /home/hayden/git/advRobotics/P1/drawN_ws/install/turtlesim/include/turtlesim/turtlesim/msg/detail/pose__functions.h
[42.031s] -- Installing: /home/hayden/git/advRobotics/P1/drawN_ws/install/turtlesim/include/turtlesim/turtlesim/msg/detail/color__struct.h
[42.031s] -- Installing: /home/hayden/git/advRobotics/P1/drawN_ws/install/turtlesim/include/turtlesim/turtlesim/msg/detail/pose__functions.c
[42.031s] -- Installing: /home/hayden/git/advRobotics/P1/drawN_ws/install/turtlesim/include/turtlesim/turtlesim/msg/detail/color__functions.c
[42.031s] -- Installing: /home/hayden/git/advRobotics/P1/drawN_ws/install/turtlesim/include/turtlesim/turtlesim/msg/detail/pose__description.c
[42.032s] -- Installing: /home/hayden/git/advRobotics/P1/drawN_ws/install/turtlesim/include/turtlesim/turtlesim/msg/detail/color__type_support.c
[42.032s] -- Installing: /home/hayden/git/advRobotics/P1/drawN_ws/install/turtlesim/include/turtlesim/turtlesim/msg/detail/color__functions.h
[42.032s] -- Installing: /home/hayden/git/advRobotics/P1/drawN_ws/install/turtlesim/include/turtlesim/turtlesim/msg/detail/color__type_support.h
[42.032s] -- Installing: /home/hayden/git/advRobotics/P1/drawN_ws/install/turtlesim/include/turtlesim/turtlesim/msg/color.h
[42.032s] -- Installing: /home/hayden/git/advRobotics/P1/drawN_ws/install/turtlesim/include/turtlesim/turtlesim/action
[42.032s] -- Installing: /home/hayden/git/advRobotics/P1/drawN_ws/install/turtlesim/include/turtlesim/turtlesim/action/rotate_absolute.h
[42.032s] -- Installing: /home/hayden/git/advRobotics/P1/drawN_ws/install/turtlesim/include/turtlesim/turtlesim/action/detail
[42.032s] -- Installing: /home/hayden/git/advRobotics/P1/drawN_ws/install/turtlesim/include/turtlesim/turtlesim/action/detail/rotate_absolute__type_support.c
[42.032s] -- Installing: /home/hayden/git/advRobotics/P1/drawN_ws/install/turtlesim/include/turtlesim/turtlesim/action/detail/rotate_absolute__type_support.h
[42.032s] -- Installing: /home/hayden/git/advRobotics/P1/drawN_ws/install/turtlesim/include/turtlesim/turtlesim/action/detail/rotate_absolute__struct.h
[42.032s] -- Installing: /home/hayden/git/advRobotics/P1/drawN_ws/install/turtlesim/include/turtlesim/turtlesim/action/detail/rotate_absolute__description.c
[42.033s] -- Installing: /home/hayden/git/advRobotics/P1/drawN_ws/install/turtlesim/include/turtlesim/turtlesim/action/detail/rotate_absolute__functions.h
[42.033s] -- Installing: /home/hayden/git/advRobotics/P1/drawN_ws/install/turtlesim/include/turtlesim/turtlesim/action/detail/rotate_absolute__functions.c
[42.033s] -- Installing: /home/hayden/git/advRobotics/P1/drawN_ws/install/turtlesim/share/turtlesim/environment/library_path.sh
[42.033s] -- Installing: /home/hayden/git/advRobotics/P1/drawN_ws/install/turtlesim/share/turtlesim/environment/library_path.dsv
[42.033s] -- Installing: /home/hayden/git/advRobotics/P1/drawN_ws/install/turtlesim/lib/libturtlesim__rosidl_generator_c.so
[42.033s] -- Set non-toolchain portion of runtime path of "/home/hayden/git/advRobotics/P1/drawN_ws/install/turtlesim/lib/libturtlesim__rosidl_generator_c.so" to ""
[42.033s] -- Up-to-date: /home/hayden/git/advRobotics/P1/drawN_ws/install/turtlesim/include/turtlesim/turtlesim
[42.033s] -- Up-to-date: /home/hayden/git/advRobotics/P1/drawN_ws/install/turtlesim/include/turtlesim/turtlesim/srv
[42.033s] -- Up-to-date: /home/hayden/git/advRobotics/P1/drawN_ws/install/turtlesim/include/turtlesim/turtlesim/srv/detail
[42.033s] -- Installing: /home/hayden/git/advRobotics/P1/drawN_ws/install/turtlesim/include/turtlesim/turtlesim/srv/detail/spawn__rosidl_typesupport_fastrtps_c.h
[42.033s] -- Installing: /home/hayden/git/advRobotics/P1/drawN_ws/install/turtlesim/include/turtlesim/turtlesim/srv/detail/teleport_relative__rosidl_typesupport_fastrtps_c.h
[42.033s] -- Installing: /home/hayden/git/advRobotics/P1/drawN_ws/install/turtlesim/include/turtlesim/turtlesim/srv/detail/kill__rosidl_typesupport_fastrtps_c.h
[42.033s] -- Installing: /home/hayden/git/advRobotics/P1/drawN_ws/install/turtlesim/include/turtlesim/turtlesim/srv/detail/set_pen__rosidl_typesupport_fastrtps_c.h
[42.033s] -- Installing: /home/hayden/git/advRobotics/P1/drawN_ws/install/turtlesim/include/turtlesim/turtlesim/srv/detail/teleport_absolute__rosidl_typesupport_fastrtps_c.h
[42.034s] -- Up-to-date: /home/hayden/git/advRobotics/P1/drawN_ws/install/turtlesim/include/turtlesim/turtlesim/msg
[42.034s] -- Installing: /home/hayden/git/advRobotics/P1/drawN_ws/install/turtlesim/include/turtlesim/turtlesim/msg/rosidl_typesupport_fastrtps_c__visibility_control.h
[42.034s] -- Up-to-date: /home/hayden/git/advRobotics/P1/drawN_ws/install/turtlesim/include/turtlesim/turtlesim/msg/detail
[42.034s] -- Installing: /home/hayden/git/advRobotics/P1/drawN_ws/install/turtlesim/include/turtlesim/turtlesim/msg/detail/pose__rosidl_typesupport_fastrtps_c.h
[42.035s] -- Installing: /home/hayden/git/advRobotics/P1/drawN_ws/install/turtlesim/include/turtlesim/turtlesim/msg/detail/color__rosidl_typesupport_fastrtps_c.h
[42.035s] -- Up-to-date: /home/hayden/git/advRobotics/P1/drawN_ws/install/turtlesim/include/turtlesim/turtlesim/action
[42.035s] -- Up-to-date: /home/hayden/git/advRobotics/P1/drawN_ws/install/turtlesim/include/turtlesim/turtlesim/action/detail
[42.035s] -- Installing: /home/hayden/git/advRobotics/P1/drawN_ws/install/turtlesim/include/turtlesim/turtlesim/action/detail/rotate_absolute__rosidl_typesupport_fastrtps_c.h
[42.035s] -- Installing: /home/hayden/git/advRobotics/P1/drawN_ws/install/turtlesim/lib/libturtlesim__rosidl_typesupport_fastrtps_c.so
[42.036s] -- Set non-toolchain portion of runtime path of "/home/hayden/git/advRobotics/P1/drawN_ws/install/turtlesim/lib/libturtlesim__rosidl_typesupport_fastrtps_c.so" to ""
[42.036s] -- Up-to-date: /home/hayden/git/advRobotics/P1/drawN_ws/install/turtlesim/include/turtlesim/turtlesim
[42.036s] -- Up-to-date: /home/hayden/git/advRobotics/P1/drawN_ws/install/turtlesim/include/turtlesim/turtlesim/srv
[42.036s] -- Up-to-date: /home/hayden/git/advRobotics/P1/drawN_ws/install/turtlesim/include/turtlesim/turtlesim/srv/detail
[42.036s] -- Installing: /home/hayden/git/advRobotics/P1/drawN_ws/install/turtlesim/include/turtlesim/turtlesim/srv/detail/teleport_relative__builder.hpp
[42.036s] -- Installing: /home/hayden/git/advRobotics/P1/drawN_ws/install/turtlesim/include/turtlesim/turtlesim/srv/detail/set_pen__traits.hpp
[42.036s] -- Installing: /home/hayden/git/advRobotics/P1/drawN_ws/install/turtlesim/include/turtlesim/turtlesim/srv/detail/teleport_absolute__struct.hpp
[42.036s] -- Installing: /home/hayden/git/advRobotics/P1/drawN_ws/install/turtlesim/include/turtlesim/turtlesim/srv/detail/kill__builder.hpp
[42.036s] -- Installing: /home/hayden/git/advRobotics/P1/drawN_ws/install/turtlesim/include/turtlesim/turtlesim/srv/detail/spawn__type_support.hpp
[42.037s] -- Installing: /home/hayden/git/advRobotics/P1/drawN_ws/install/turtlesim/include/turtlesim/turtlesim/srv/detail/set_pen__type_support.hpp
[42.037s] -- Installing: /home/hayden/git/advRobotics/P1/drawN_ws/install/turtlesim/include/turtlesim/turtlesim/srv/detail/kill__struct.hpp
[42.037s] -- Installing: /home/hayden/git/advRobotics/P1/drawN_ws/install/turtlesim/include/turtlesim/turtlesim/srv/detail/set_pen__struct.hpp
[42.037s] -- Installing: /home/hayden/git/advRobotics/P1/drawN_ws/install/turtlesim/include/turtlesim/turtlesim/srv/detail/kill__type_support.hpp
[42.037s] -- Installing: /home/hayden/git/advRobotics/P1/drawN_ws/install/turtlesim/include/turtlesim/turtlesim/srv/detail/teleport_relative__type_support.hpp
[42.037s] -- Installing: /home/hayden/git/advRobotics/P1/drawN_ws/install/turtlesim/include/turtlesim/turtlesim/srv/detail/set_pen__builder.hpp
[42.037s] -- Installing: /home/hayden/git/advRobotics/P1/drawN_ws/install/turtlesim/include/turtlesim/turtlesim/srv/detail/teleport_absolute__builder.hpp
[42.037s] -- Installing: /home/hayden/git/advRobotics/P1/drawN_ws/install/turtlesim/include/turtlesim/turtlesim/srv/detail/spawn__struct.hpp
[42.038s] -- Installing: /home/hayden/git/advRobotics/P1/drawN_ws/install/turtlesim/include/turtlesim/turtlesim/srv/detail/spawn__traits.hpp
[42.038s] -- Installing: /home/hayden/git/advRobotics/P1/drawN_ws/install/turtlesim/include/turtlesim/turtlesim/srv/detail/teleport_absolute__type_support.hpp
[42.038s] -- Installing: /home/hayden/git/advRobotics/P1/drawN_ws/install/turtlesim/include/turtlesim/turtlesim/srv/detail/teleport_absolute__traits.hpp
[42.038s] -- Installing: /home/hayden/git/advRobotics/P1/drawN_ws/install/turtlesim/include/turtlesim/turtlesim/srv/detail/kill__traits.hpp
[42.038s] -- Installing: /home/hayden/git/advRobotics/P1/drawN_ws/install/turtlesim/include/turtlesim/turtlesim/srv/detail/teleport_relative__struct.hpp
[42.038s] -- Installing: /home/hayden/git/advRobotics/P1/drawN_ws/install/turtlesim/include/turtlesim/turtlesim/srv/detail/teleport_relative__traits.hpp
[42.038s] -- Installing: /home/hayden/git/advRobotics/P1/drawN_ws/install/turtlesim/include/turtlesim/turtlesim/srv/detail/spawn__builder.hpp
[42.039s] -- Installing: /home/hayden/git/advRobotics/P1/drawN_ws/install/turtlesim/include/turtlesim/turtlesim/srv/teleport_relative.hpp
[42.039s] -- Installing: /home/hayden/git/advRobotics/P1/drawN_ws/install/turtlesim/include/turtlesim/turtlesim/srv/kill.hpp
[42.039s] -- Installing: /home/hayden/git/advRobotics/P1/drawN_ws/install/turtlesim/include/turtlesim/turtlesim/srv/spawn.hpp
[42.039s] -- Installing: /home/hayden/git/advRobotics/P1/drawN_ws/install/turtlesim/include/turtlesim/turtlesim/srv/teleport_absolute.hpp
[42.039s] -- Installing: /home/hayden/git/advRobotics/P1/drawN_ws/install/turtlesim/include/turtlesim/turtlesim/srv/set_pen.hpp
[42.039s] -- Up-to-date: /home/hayden/git/advRobotics/P1/drawN_ws/install/turtlesim/include/turtlesim/turtlesim/msg
[42.039s] -- Installing: /home/hayden/git/advRobotics/P1/drawN_ws/install/turtlesim/include/turtlesim/turtlesim/msg/color.hpp
[42.039s] -- Up-to-date: /home/hayden/git/advRobotics/P1/drawN_ws/install/turtlesim/include/turtlesim/turtlesim/msg/detail
[42.039s] -- Installing: /home/hayden/git/advRobotics/P1/drawN_ws/install/turtlesim/include/turtlesim/turtlesim/msg/detail/pose__type_support.hpp
[42.039s] -- Installing: /home/hayden/git/advRobotics/P1/drawN_ws/install/turtlesim/include/turtlesim/turtlesim/msg/detail/pose__struct.hpp
[42.039s] -- Installing: /home/hayden/git/advRobotics/P1/drawN_ws/install/turtlesim/include/turtlesim/turtlesim/msg/detail/color__struct.hpp
[42.039s] -- Installing: /home/hayden/git/advRobotics/P1/drawN_ws/install/turtlesim/include/turtlesim/turtlesim/msg/detail/color__builder.hpp
[42.039s] -- Installing: /home/hayden/git/advRobotics/P1/drawN_ws/install/turtlesim/include/turtlesim/turtlesim/msg/detail/pose__builder.hpp
[42.040s] -- Installing: /home/hayden/git/advRobotics/P1/drawN_ws/install/turtlesim/include/turtlesim/turtlesim/msg/detail/pose__traits.hpp
[42.040s] -- Installing: /home/hayden/git/advRobotics/P1/drawN_ws/install/turtlesim/include/turtlesim/turtlesim/msg/detail/color__traits.hpp
[42.040s] -- Installing: /home/hayden/git/advRobotics/P1/drawN_ws/install/turtlesim/include/turtlesim/turtlesim/msg/detail/color__type_support.hpp
[42.040s] -- Installing: /home/hayden/git/advRobotics/P1/drawN_ws/install/turtlesim/include/turtlesim/turtlesim/msg/rosidl_generator_cpp__visibility_control.hpp
[42.040s] -- Installing: /home/hayden/git/advRobotics/P1/drawN_ws/install/turtlesim/include/turtlesim/turtlesim/msg/pose.hpp
[42.040s] -- Up-to-date: /home/hayden/git/advRobotics/P1/drawN_ws/install/turtlesim/include/turtlesim/turtlesim/action
[42.040s] -- Installing: /home/hayden/git/advRobotics/P1/drawN_ws/install/turtlesim/include/turtlesim/turtlesim/action/rotate_absolute.hpp
[42.041s] -- Up-to-date: /home/hayden/git/advRobotics/P1/drawN_ws/install/turtlesim/include/turtlesim/turtlesim/action/detail
[42.041s] -- Installing: /home/hayden/git/advRobotics/P1/drawN_ws/install/turtlesim/include/turtlesim/turtlesim/action/detail/rotate_absolute__builder.hpp
[42.041s] -- Installing: /home/hayden/git/advRobotics/P1/drawN_ws/install/turtlesim/include/turtlesim/turtlesim/action/detail/rotate_absolute__struct.hpp
[42.041s] -- Installing: /home/hayden/git/advRobotics/P1/drawN_ws/install/turtlesim/include/turtlesim/turtlesim/action/detail/rotate_absolute__traits.hpp
[42.041s] -- Installing: /home/hayden/git/advRobotics/P1/drawN_ws/install/turtlesim/include/turtlesim/turtlesim/action/detail/rotate_absolute__type_support.hpp
[42.041s] -- Up-to-date: /home/hayden/git/advRobotics/P1/drawN_ws/install/turtlesim/include/turtlesim/turtlesim
[42.041s] -- Up-to-date: /home/hayden/git/advRobotics/P1/drawN_ws/install/turtlesim/include/turtlesim/turtlesim/srv
[42.041s] -- Up-to-date: /home/hayden/git/advRobotics/P1/drawN_ws/install/turtlesim/include/turtlesim/turtlesim/srv/detail
[42.041s] -- Installing: /home/hayden/git/advRobotics/P1/drawN_ws/install/turtlesim/include/turtlesim/turtlesim/srv/detail/spawn__rosidl_typesupport_fastrtps_cpp.hpp
[42.041s] -- Installing: /home/hayden/git/advRobotics/P1/drawN_ws/install/turtlesim/include/turtlesim/turtlesim/srv/detail/teleport_absolute__rosidl_typesupport_fastrtps_cpp.hpp
[42.042s] -- Installing: /home/hayden/git/advRobotics/P1/drawN_ws/install/turtlesim/include/turtlesim/turtlesim/srv/detail/teleport_relative__rosidl_typesupport_fastrtps_cpp.hpp
[42.042s] -- Installing: /home/hayden/git/advRobotics/P1/drawN_ws/install/turtlesim/include/turtlesim/turtlesim/srv/detail/kill__rosidl_typesupport_fastrtps_cpp.hpp
[42.042s] -- Installing: /home/hayden/git/advRobotics/P1/drawN_ws/install/turtlesim/include/turtlesim/turtlesim/srv/detail/dds_fastrtps
[42.042s] -- Installing: /home/hayden/git/advRobotics/P1/drawN_ws/install/turtlesim/include/turtlesim/turtlesim/srv/detail/set_pen__rosidl_typesupport_fastrtps_cpp.hpp
[42.043s] -- Up-to-date: /home/hayden/git/advRobotics/P1/drawN_ws/install/turtlesim/include/turtlesim/turtlesim/msg
[42.043s] -- Installing: /home/hayden/git/advRobotics/P1/drawN_ws/install/turtlesim/include/turtlesim/turtlesim/msg/rosidl_typesupport_fastrtps_cpp__visibility_control.h
[42.043s] -- Up-to-date: /home/hayden/git/advRobotics/P1/drawN_ws/install/turtlesim/include/turtlesim/turtlesim/msg/detail
[42.043s] -- Installing: /home/hayden/git/advRobotics/P1/drawN_ws/install/turtlesim/include/turtlesim/turtlesim/msg/detail/pose__rosidl_typesupport_fastrtps_cpp.hpp
[42.043s] -- Installing: /home/hayden/git/advRobotics/P1/drawN_ws/install/turtlesim/include/turtlesim/turtlesim/msg/detail/color__rosidl_typesupport_fastrtps_cpp.hpp
[42.043s] -- Installing: /home/hayden/git/advRobotics/P1/drawN_ws/install/turtlesim/include/turtlesim/turtlesim/msg/detail/dds_fastrtps
[42.043s] -- Up-to-date: /home/hayden/git/advRobotics/P1/drawN_ws/install/turtlesim/include/turtlesim/turtlesim/action
[42.043s] -- Up-to-date: /home/hayden/git/advRobotics/P1/drawN_ws/install/turtlesim/include/turtlesim/turtlesim/action/detail
[42.043s] -- Installing: /home/hayden/git/advRobotics/P1/drawN_ws/install/turtlesim/include/turtlesim/turtlesim/action/detail/dds_fastrtps
[42.044s] -- Installing: /home/hayden/git/advRobotics/P1/drawN_ws/install/turtlesim/include/turtlesim/turtlesim/action/detail/rotate_absolute__rosidl_typesupport_fastrtps_cpp.hpp
[42.044s] -- Installing: /home/hayden/git/advRobotics/P1/drawN_ws/install/turtlesim/lib/libturtlesim__rosidl_typesupport_fastrtps_cpp.so
[42.044s] -- Set non-toolchain portion of runtime path of "/home/hayden/git/advRobotics/P1/drawN_ws/install/turtlesim/lib/libturtlesim__rosidl_typesupport_fastrtps_cpp.so" to ""
[42.044s] -- Up-to-date: /home/hayden/git/advRobotics/P1/drawN_ws/install/turtlesim/include/turtlesim/turtlesim
[42.044s] -- Up-to-date: /home/hayden/git/advRobotics/P1/drawN_ws/install/turtlesim/include/turtlesim/turtlesim/srv
[42.045s] -- Up-to-date: /home/hayden/git/advRobotics/P1/drawN_ws/install/turtlesim/include/turtlesim/turtlesim/srv/detail
[42.045s] -- Installing: /home/hayden/git/advRobotics/P1/drawN_ws/install/turtlesim/include/turtlesim/turtlesim/srv/detail/set_pen__rosidl_typesupport_introspection_c.h
[42.045s] -- Installing: /home/hayden/git/advRobotics/P1/drawN_ws/install/turtlesim/include/turtlesim/turtlesim/srv/detail/spawn__type_support.c
[42.045s] -- Installing: /home/hayden/git/advRobotics/P1/drawN_ws/install/turtlesim/include/turtlesim/turtlesim/srv/detail/kill__rosidl_typesupport_introspection_c.h
[42.045s] -- Installing: /home/hayden/git/advRobotics/P1/drawN_ws/install/turtlesim/include/turtlesim/turtlesim/srv/detail/teleport_relative__rosidl_typesupport_introspection_c.h
[42.045s] -- Installing: /home/hayden/git/advRobotics/P1/drawN_ws/install/turtlesim/include/turtlesim/turtlesim/srv/detail/set_pen__type_support.c
[42.046s] -- Installing: /home/hayden/git/advRobotics/P1/drawN_ws/install/turtlesim/include/turtlesim/turtlesim/srv/detail/spawn__rosidl_typesupport_introspection_c.h
[42.046s] -- Installing: /home/hayden/git/advRobotics/P1/drawN_ws/install/turtlesim/include/turtlesim/turtlesim/srv/detail/teleport_absolute__type_support.c
[42.046s] -- Installing: /home/hayden/git/advRobotics/P1/drawN_ws/install/turtlesim/include/turtlesim/turtlesim/srv/detail/teleport_absolute__rosidl_typesupport_introspection_c.h
[42.046s] -- Installing: /home/hayden/git/advRobotics/P1/drawN_ws/install/turtlesim/include/turtlesim/turtlesim/srv/detail/kill__type_support.c
[42.046s] -- Installing: /home/hayden/git/advRobotics/P1/drawN_ws/install/turtlesim/include/turtlesim/turtlesim/srv/detail/teleport_relative__type_support.c
[42.046s] -- Up-to-date: /home/hayden/git/advRobotics/P1/drawN_ws/install/turtlesim/include/turtlesim/turtlesim/msg
[42.046s] -- Up-to-date: /home/hayden/git/advRobotics/P1/drawN_ws/install/turtlesim/include/turtlesim/turtlesim/msg/detail
[42.047s] -- Installing: /home/hayden/git/advRobotics/P1/drawN_ws/install/turtlesim/include/turtlesim/turtlesim/msg/detail/pose__rosidl_typesupport_introspection_c.h
[42.047s] -- Installing: /home/hayden/git/advRobotics/P1/drawN_ws/install/turtlesim/include/turtlesim/turtlesim/msg/detail/pose__type_support.c
[42.047s] -- Installing: /home/hayden/git/advRobotics/P1/drawN_ws/install/turtlesim/include/turtlesim/turtlesim/msg/detail/color__rosidl_typesupport_introspection_c.h
[42.047s] -- Installing: /home/hayden/git/advRobotics/P1/drawN_ws/install/turtlesim/include/turtlesim/turtlesim/msg/detail/color__type_support.c
[42.047s] -- Installing: /home/hayden/git/advRobotics/P1/drawN_ws/install/turtlesim/include/turtlesim/turtlesim/msg/rosidl_typesupport_introspection_c__visibility_control.h
[42.047s] -- Up-to-date: /home/hayden/git/advRobotics/P1/drawN_ws/install/turtlesim/include/turtlesim/turtlesim/action
[42.047s] -- Up-to-date: /home/hayden/git/advRobotics/P1/drawN_ws/install/turtlesim/include/turtlesim/turtlesim/action/detail
[42.047s] -- Installing: /home/hayden/git/advRobotics/P1/drawN_ws/install/turtlesim/include/turtlesim/turtlesim/action/detail/rotate_absolute__type_support.c
[42.047s] -- Installing: /home/hayden/git/advRobotics/P1/drawN_ws/install/turtlesim/include/turtlesim/turtlesim/action/detail/rotate_absolute__rosidl_typesupport_introspection_c.h
[42.047s] -- Installing: /home/hayden/git/advRobotics/P1/drawN_ws/install/turtlesim/lib/libturtlesim__rosidl_typesupport_introspection_c.so
[42.047s] -- Set non-toolchain portion of runtime path of "/home/hayden/git/advRobotics/P1/drawN_ws/install/turtlesim/lib/libturtlesim__rosidl_typesupport_introspection_c.so" to ""
[42.048s] -- Installing: /home/hayden/git/advRobotics/P1/drawN_ws/install/turtlesim/lib/libturtlesim__rosidl_typesupport_c.so
[42.048s] -- Set non-toolchain portion of runtime path of "/home/hayden/git/advRobotics/P1/drawN_ws/install/turtlesim/lib/libturtlesim__rosidl_typesupport_c.so" to ""
[42.048s] -- Up-to-date: /home/hayden/git/advRobotics/P1/drawN_ws/install/turtlesim/include/turtlesim/turtlesim
[42.048s] -- Up-to-date: /home/hayden/git/advRobotics/P1/drawN_ws/install/turtlesim/include/turtlesim/turtlesim/srv
[42.048s] -- Up-to-date: /home/hayden/git/advRobotics/P1/drawN_ws/install/turtlesim/include/turtlesim/turtlesim/srv/detail
[42.048s] -- Installing: /home/hayden/git/advRobotics/P1/drawN_ws/install/turtlesim/include/turtlesim/turtlesim/srv/detail/teleport_relative__rosidl_typesupport_introspection_cpp.hpp
[42.049s] -- Installing: /home/hayden/git/advRobotics/P1/drawN_ws/install/turtlesim/include/turtlesim/turtlesim/srv/detail/set_pen__rosidl_typesupport_introspection_cpp.hpp
[42.049s] -- Installing: /home/hayden/git/advRobotics/P1/drawN_ws/install/turtlesim/include/turtlesim/turtlesim/srv/detail/teleport_absolute__rosidl_typesupport_introspection_cpp.hpp
[42.049s] -- Installing: /home/hayden/git/advRobotics/P1/drawN_ws/install/turtlesim/include/turtlesim/turtlesim/srv/detail/kill__rosidl_typesupport_introspection_cpp.hpp
[42.049s] -- Installing: /home/hayden/git/advRobotics/P1/drawN_ws/install/turtlesim/include/turtlesim/turtlesim/srv/detail/teleport_absolute__type_support.cpp
[42.049s] -- Installing: /home/hayden/git/advRobotics/P1/drawN_ws/install/turtlesim/include/turtlesim/turtlesim/srv/detail/spawn__rosidl_typesupport_introspection_cpp.hpp
[42.049s] -- Installing: /home/hayden/git/advRobotics/P1/drawN_ws/install/turtlesim/include/turtlesim/turtlesim/srv/detail/set_pen__type_support.cpp
[42.049s] -- Installing: /home/hayden/git/advRobotics/P1/drawN_ws/install/turtlesim/include/turtlesim/turtlesim/srv/detail/spawn__type_support.cpp
[42.049s] -- Installing: /home/hayden/git/advRobotics/P1/drawN_ws/install/turtlesim/include/turtlesim/turtlesim/srv/detail/teleport_relative__type_support.cpp
[42.049s] -- Installing: /home/hayden/git/advRobotics/P1/drawN_ws/install/turtlesim/include/turtlesim/turtlesim/srv/detail/kill__type_support.cpp
[42.050s] -- Up-to-date: /home/hayden/git/advRobotics/P1/drawN_ws/install/turtlesim/include/turtlesim/turtlesim/msg
[42.050s] -- Up-to-date: /home/hayden/git/advRobotics/P1/drawN_ws/install/turtlesim/include/turtlesim/turtlesim/msg/detail
[42.050s] -- Installing: /home/hayden/git/advRobotics/P1/drawN_ws/install/turtlesim/include/turtlesim/turtlesim/msg/detail/pose__rosidl_typesupport_introspection_cpp.hpp
[42.050s] -- Installing: /home/hayden/git/advRobotics/P1/drawN_ws/install/turtlesim/include/turtlesim/turtlesim/msg/detail/color__type_support.cpp
[42.050s] -- Installing: /home/hayden/git/advRobotics/P1/drawN_ws/install/turtlesim/include/turtlesim/turtlesim/msg/detail/pose__type_support.cpp
[42.050s] -- Installing: /home/hayden/git/advRobotics/P1/drawN_ws/install/turtlesim/include/turtlesim/turtlesim/msg/detail/color__rosidl_typesupport_introspection_cpp.hpp
[42.050s] -- Up-to-date: /home/hayden/git/advRobotics/P1/drawN_ws/install/turtlesim/include/turtlesim/turtlesim/action
[42.050s] -- Up-to-date: /home/hayden/git/advRobotics/P1/drawN_ws/install/turtlesim/include/turtlesim/turtlesim/action/detail
[42.050s] -- Installing: /home/hayden/git/advRobotics/P1/drawN_ws/install/turtlesim/include/turtlesim/turtlesim/action/detail/rotate_absolute__type_support.cpp
[42.050s] -- Installing: /home/hayden/git/advRobotics/P1/drawN_ws/install/turtlesim/include/turtlesim/turtlesim/action/detail/rotate_absolute__rosidl_typesupport_introspection_cpp.hpp
[42.050s] -- Installing: /home/hayden/git/advRobotics/P1/drawN_ws/install/turtlesim/lib/libturtlesim__rosidl_typesupport_introspection_cpp.so
[42.051s] -- Set non-toolchain portion of runtime path of "/home/hayden/git/advRobotics/P1/drawN_ws/install/turtlesim/lib/libturtlesim__rosidl_typesupport_introspection_cpp.so" to ""
[42.051s] -- Installing: /home/hayden/git/advRobotics/P1/drawN_ws/install/turtlesim/lib/libturtlesim__rosidl_typesupport_cpp.so
[42.051s] -- Set non-toolchain portion of runtime path of "/home/hayden/git/advRobotics/P1/drawN_ws/install/turtlesim/lib/libturtlesim__rosidl_typesupport_cpp.so" to ""
[42.051s] -- Installing: /home/hayden/git/advRobotics/P1/drawN_ws/install/turtlesim/share/turtlesim/environment/pythonpath.sh
[42.052s] -- Installing: /home/hayden/git/advRobotics/P1/drawN_ws/install/turtlesim/share/turtlesim/environment/pythonpath.dsv
[42.052s] -- Installing: /home/hayden/git/advRobotics/P1/drawN_ws/install/turtlesim/lib/python3.12/site-packages/turtlesim-1.8.3-py3.12.egg-info
[42.052s] -- Installing: /home/hayden/git/advRobotics/P1/drawN_ws/install/turtlesim/lib/python3.12/site-packages/turtlesim-1.8.3-py3.12.egg-info/PKG-INFO
[42.052s] -- Installing: /home/hayden/git/advRobotics/P1/drawN_ws/install/turtlesim/lib/python3.12/site-packages/turtlesim-1.8.3-py3.12.egg-info/SOURCES.txt
[42.052s] -- Installing: /home/hayden/git/advRobotics/P1/drawN_ws/install/turtlesim/lib/python3.12/site-packages/turtlesim-1.8.3-py3.12.egg-info/top_level.txt
[42.052s] -- Installing: /home/hayden/git/advRobotics/P1/drawN_ws/install/turtlesim/lib/python3.12/site-packages/turtlesim-1.8.3-py3.12.egg-info/dependency_links.txt
[42.053s] -- Installing: /home/hayden/git/advRobotics/P1/drawN_ws/install/turtlesim/lib/python3.12/site-packages/turtlesim
[42.053s] -- Installing: /home/hayden/git/advRobotics/P1/drawN_ws/install/turtlesim/lib/python3.12/site-packages/turtlesim/_turtlesim_s.ep.rosidl_typesupport_fastrtps_c.c
[42.053s] -- Installing: /home/hayden/git/advRobotics/P1/drawN_ws/install/turtlesim/lib/python3.12/site-packages/turtlesim/srv
[42.053s] -- Installing: /home/hayden/git/advRobotics/P1/drawN_ws/install/turtlesim/lib/python3.12/site-packages/turtlesim/srv/_teleport_absolute_s.c
[42.053s] -- Installing: /home/hayden/git/advRobotics/P1/drawN_ws/install/turtlesim/lib/python3.12/site-packages/turtlesim/srv/_teleport_absolute.py
[42.053s] -- Installing: /home/hayden/git/advRobotics/P1/drawN_ws/install/turtlesim/lib/python3.12/site-packages/turtlesim/srv/_kill.py
[42.053s] -- Installing: /home/hayden/git/advRobotics/P1/drawN_ws/install/turtlesim/lib/python3.12/site-packages/turtlesim/srv/_spawn_s.c
[42.054s] -- Installing: /home/hayden/git/advRobotics/P1/drawN_ws/install/turtlesim/lib/python3.12/site-packages/turtlesim/srv/_kill_s.c
[42.054s] -- Installing: /home/hayden/git/advRobotics/P1/drawN_ws/install/turtlesim/lib/python3.12/site-packages/turtlesim/srv/__init__.py
[42.054s] -- Installing: /home/hayden/git/advRobotics/P1/drawN_ws/install/turtlesim/lib/python3.12/site-packages/turtlesim/srv/_set_pen_s.c
[42.055s] -- Installing: /home/hayden/git/advRobotics/P1/drawN_ws/install/turtlesim/lib/python3.12/site-packages/turtlesim/srv/_teleport_relative.py
[42.055s] -- Installing: /home/hayden/git/advRobotics/P1/drawN_ws/install/turtlesim/lib/python3.12/site-packages/turtlesim/srv/_spawn.py
[42.055s] -- Installing: /home/hayden/git/advRobotics/P1/drawN_ws/install/turtlesim/lib/python3.12/site-packages/turtlesim/srv/_teleport_relative_s.c
[42.055s] -- Installing: /home/hayden/git/advRobotics/P1/drawN_ws/install/turtlesim/lib/python3.12/site-packages/turtlesim/srv/_set_pen.py
[42.055s] -- Installing: /home/hayden/git/advRobotics/P1/drawN_ws/install/turtlesim/lib/python3.12/site-packages/turtlesim/_turtlesim_s.ep.rosidl_typesupport_introspection_c.c
[42.055s] -- Installing: /home/hayden/git/advRobotics/P1/drawN_ws/install/turtlesim/lib/python3.12/site-packages/turtlesim/turtlesim_s__rosidl_typesupport_c.so
[42.055s] -- Installing: /home/hayden/git/advRobotics/P1/drawN_ws/install/turtlesim/lib/python3.12/site-packages/turtlesim/msg
[42.055s] -- Installing: /home/hayden/git/advRobotics/P1/drawN_ws/install/turtlesim/lib/python3.12/site-packages/turtlesim/msg/_color.py
[42.055s] -- Installing: /home/hayden/git/advRobotics/P1/drawN_ws/install/turtlesim/lib/python3.12/site-packages/turtlesim/msg/__init__.py
[42.055s] -- Installing: /home/hayden/git/advRobotics/P1/drawN_ws/install/turtlesim/lib/python3.12/site-packages/turtlesim/msg/_color_s.c
[42.055s] -- Installing: /home/hayden/git/advRobotics/P1/drawN_ws/install/turtlesim/lib/python3.12/site-packages/turtlesim/msg/_pose.py
[42.055s] -- Installing: /home/hayden/git/advRobotics/P1/drawN_ws/install/turtlesim/lib/python3.12/site-packages/turtlesim/msg/_pose_s.c
[42.056s] -- Installing: /home/hayden/git/advRobotics/P1/drawN_ws/install/turtlesim/lib/python3.12/site-packages/turtlesim/__init__.py
[42.056s] -- Installing: /home/hayden/git/advRobotics/P1/drawN_ws/install/turtlesim/lib/python3.12/site-packages/turtlesim/turtlesim_s__rosidl_typesupport_fastrtps_c.so
[42.056s] -- Installing: /home/hayden/git/advRobotics/P1/drawN_ws/install/turtlesim/lib/python3.12/site-packages/turtlesim/action
[42.056s] -- Installing: /home/hayden/git/advRobotics/P1/drawN_ws/install/turtlesim/lib/python3.12/site-packages/turtlesim/action/_rotate_absolute_s.c
[42.056s] -- Installing: /home/hayden/git/advRobotics/P1/drawN_ws/install/turtlesim/lib/python3.12/site-packages/turtlesim/action/_rotate_absolute.py
[42.056s] -- Installing: /home/hayden/git/advRobotics/P1/drawN_ws/install/turtlesim/lib/python3.12/site-packages/turtlesim/action/__init__.py
[42.056s] -- Installing: /home/hayden/git/advRobotics/P1/drawN_ws/install/turtlesim/lib/python3.12/site-packages/turtlesim/_turtlesim_s.ep.rosidl_typesupport_c.c
[42.056s] -- Installing: /home/hayden/git/advRobotics/P1/drawN_ws/install/turtlesim/lib/python3.12/site-packages/turtlesim/turtlesim_s__rosidl_typesupport_introspection_c.so
[42.124s] Listing '/home/hayden/git/advRobotics/P1/drawN_ws/install/turtlesim/lib/python3.12/site-packages/turtlesim'...
[42.124s] Compiling '/home/hayden/git/advRobotics/P1/drawN_ws/install/turtlesim/lib/python3.12/site-packages/turtlesim/__init__.py'...
[42.124s] Listing '/home/hayden/git/advRobotics/P1/drawN_ws/install/turtlesim/lib/python3.12/site-packages/turtlesim/action'...
[42.124s] Compiling '/home/hayden/git/advRobotics/P1/drawN_ws/install/turtlesim/lib/python3.12/site-packages/turtlesim/action/__init__.py'...
[42.124s] Compiling '/home/hayden/git/advRobotics/P1/drawN_ws/install/turtlesim/lib/python3.12/site-packages/turtlesim/action/_rotate_absolute.py'...
[42.124s] Listing '/home/hayden/git/advRobotics/P1/drawN_ws/install/turtlesim/lib/python3.12/site-packages/turtlesim/msg'...
[42.124s] Compiling '/home/hayden/git/advRobotics/P1/drawN_ws/install/turtlesim/lib/python3.12/site-packages/turtlesim/msg/__init__.py'...
[42.124s] Compiling '/home/hayden/git/advRobotics/P1/drawN_ws/install/turtlesim/lib/python3.12/site-packages/turtlesim/msg/_color.py'...
[42.124s] Compiling '/home/hayden/git/advRobotics/P1/drawN_ws/install/turtlesim/lib/python3.12/site-packages/turtlesim/msg/_pose.py'...
[42.124s] Listing '/home/hayden/git/advRobotics/P1/drawN_ws/install/turtlesim/lib/python3.12/site-packages/turtlesim/srv'...
[42.124s] Compiling '/home/hayden/git/advRobotics/P1/drawN_ws/install/turtlesim/lib/python3.12/site-packages/turtlesim/srv/__init__.py'...
[42.124s] Compiling '/home/hayden/git/advRobotics/P1/drawN_ws/install/turtlesim/lib/python3.12/site-packages/turtlesim/srv/_kill.py'...
[42.124s] Compiling '/home/hayden/git/advRobotics/P1/drawN_ws/install/turtlesim/lib/python3.12/site-packages/turtlesim/srv/_set_pen.py'...
[42.124s] Compiling '/home/hayden/git/advRobotics/P1/drawN_ws/install/turtlesim/lib/python3.12/site-packages/turtlesim/srv/_spawn.py'...
[42.125s] Compiling '/home/hayden/git/advRobotics/P1/drawN_ws/install/turtlesim/lib/python3.12/site-packages/turtlesim/srv/_teleport_absolute.py'...
[42.125s] Compiling '/home/hayden/git/advRobotics/P1/drawN_ws/install/turtlesim/lib/python3.12/site-packages/turtlesim/srv/_teleport_relative.py'...
[42.132s] -- Installing: /home/hayden/git/advRobotics/P1/drawN_ws/install/turtlesim/lib/python3.12/site-packages/turtlesim/turtlesim_s__rosidl_typesupport_fastrtps_c.so
[42.132s] -- Set non-toolchain portion of runtime path of "/home/hayden/git/advRobotics/P1/drawN_ws/install/turtlesim/lib/python3.12/site-packages/turtlesim/turtlesim_s__rosidl_typesupport_fastrtps_c.so" to ""
[42.132s] -- Installing: /home/hayden/git/advRobotics/P1/drawN_ws/install/turtlesim/lib/python3.12/site-packages/turtlesim/turtlesim_s__rosidl_typesupport_introspection_c.so
[42.132s] -- Set non-toolchain portion of runtime path of "/home/hayden/git/advRobotics/P1/drawN_ws/install/turtlesim/lib/python3.12/site-packages/turtlesim/turtlesim_s__rosidl_typesupport_introspection_c.so" to ""
[42.132s] -- Installing: /home/hayden/git/advRobotics/P1/drawN_ws/install/turtlesim/lib/python3.12/site-packages/turtlesim/turtlesim_s__rosidl_typesupport_c.so
[42.132s] -- Set non-toolchain portion of runtime path of "/home/hayden/git/advRobotics/P1/drawN_ws/install/turtlesim/lib/python3.12/site-packages/turtlesim/turtlesim_s__rosidl_typesupport_c.so" to ""
[42.133s] -- Installing: /home/hayden/git/advRobotics/P1/drawN_ws/install/turtlesim/lib/libturtlesim__rosidl_generator_py.so
[42.133s] -- Set non-toolchain portion of runtime path of "/home/hayden/git/advRobotics/P1/drawN_ws/install/turtlesim/lib/libturtlesim__rosidl_generator_py.so" to ""
[42.133s] -- Installing: /home/hayden/git/advRobotics/P1/drawN_ws/install/turtlesim/share/turtlesim/action/RotateAbsolute.idl
[42.133s] -- Installing: /home/hayden/git/advRobotics/P1/drawN_ws/install/turtlesim/share/turtlesim/msg/Color.idl
[42.134s] -- Installing: /home/hayden/git/advRobotics/P1/drawN_ws/install/turtlesim/share/turtlesim/msg/Pose.idl
[42.134s] -- Installing: /home/hayden/git/advRobotics/P1/drawN_ws/install/turtlesim/share/turtlesim/srv/Kill.idl
[42.134s] -- Installing: /home/hayden/git/advRobotics/P1/drawN_ws/install/turtlesim/share/turtlesim/srv/SetPen.idl
[42.134s] -- Installing: /home/hayden/git/advRobotics/P1/drawN_ws/install/turtlesim/share/turtlesim/srv/Spawn.idl
[42.134s] -- Installing: /home/hayden/git/advRobotics/P1/drawN_ws/install/turtlesim/share/turtlesim/srv/TeleportAbsolute.idl
[42.134s] -- Installing: /home/hayden/git/advRobotics/P1/drawN_ws/install/turtlesim/share/turtlesim/srv/TeleportRelative.idl
[42.134s] -- Installing: /home/hayden/git/advRobotics/P1/drawN_ws/install/turtlesim/share/turtlesim/action/RotateAbsolute.action
[42.134s] -- Installing: /home/hayden/git/advRobotics/P1/drawN_ws/install/turtlesim/share/turtlesim/msg/Color.msg
[42.134s] -- Installing: /home/hayden/git/advRobotics/P1/drawN_ws/install/turtlesim/share/turtlesim/msg/Pose.msg
[42.135s] -- Installing: /home/hayden/git/advRobotics/P1/drawN_ws/install/turtlesim/share/turtlesim/srv/Kill.srv
[42.135s] -- Installing: /home/hayden/git/advRobotics/P1/drawN_ws/install/turtlesim/share/turtlesim/srv/SetPen.srv
[42.135s] -- Installing: /home/hayden/git/advRobotics/P1/drawN_ws/install/turtlesim/share/turtlesim/srv/Spawn.srv
[42.135s] -- Installing: /home/hayden/git/advRobotics/P1/drawN_ws/install/turtlesim/share/turtlesim/srv/TeleportAbsolute.srv
[42.135s] -- Installing: /home/hayden/git/advRobotics/P1/drawN_ws/install/turtlesim/share/turtlesim/srv/TeleportRelative.srv
[42.136s] -- Installing: /home/hayden/git/advRobotics/P1/drawN_ws/install/turtlesim/lib/turtlesim/turtlesim_node
[42.144s] -- Set non-toolchain portion of runtime path of "/home/hayden/git/advRobotics/P1/drawN_ws/install/turtlesim/lib/turtlesim/turtlesim_node" to ""
[42.144s] -- Installing: /home/hayden/git/advRobotics/P1/drawN_ws/install/turtlesim/lib/turtlesim/turtle_teleop_key
[42.146s] -- Set non-toolchain portion of runtime path of "/home/hayden/git/advRobotics/P1/drawN_ws/install/turtlesim/lib/turtlesim/turtle_teleop_key" to ""
[42.146s] -- Installing: /home/hayden/git/advRobotics/P1/drawN_ws/install/turtlesim/lib/turtlesim/draw_square
[42.151s] -- Set non-toolchain portion of runtime path of "/home/hayden/git/advRobotics/P1/drawN_ws/install/turtlesim/lib/turtlesim/draw_square" to ""
[42.151s] -- Installing: /home/hayden/git/advRobotics/P1/drawN_ws/install/turtlesim/lib/turtlesim/mimic
[42.156s] -- Set non-toolchain portion of runtime path of "/home/hayden/git/advRobotics/P1/drawN_ws/install/turtlesim/lib/turtlesim/mimic" to ""
[42.156s] -- Installing: /home/hayden/git/advRobotics/P1/drawN_ws/install/turtlesim/share/turtlesim/images
[42.156s] -- Installing: /home/hayden/git/advRobotics/P1/drawN_ws/install/turtlesim/share/turtlesim/images/humble.png
[42.156s] -- Installing: /home/hayden/git/advRobotics/P1/drawN_ws/install/turtlesim/share/turtlesim/images/ardent.png
[42.156s] -- Installing: /home/hayden/git/advRobotics/P1/drawN_ws/install/turtlesim/share/turtlesim/images/galactic.png
[42.157s] -- Installing: /home/hayden/git/advRobotics/P1/drawN_ws/install/turtlesim/share/turtlesim/images/crystal.png
[42.157s] -- Installing: /home/hayden/git/advRobotics/P1/drawN_ws/install/turtlesim/share/turtlesim/images/bouncy.png
[42.157s] -- Installing: /home/hayden/git/advRobotics/P1/drawN_ws/install/turtlesim/share/turtlesim/images/eloquent.png
[42.157s] -- Installing: /home/hayden/git/advRobotics/P1/drawN_ws/install/turtlesim/share/turtlesim/images/foxy.png
[42.157s] -- Installing: /home/hayden/git/advRobotics/P1/drawN_ws/install/turtlesim/share/turtlesim/images/rolling.png
[42.157s] -- Installing: /home/hayden/git/advRobotics/P1/drawN_ws/install/turtlesim/share/turtlesim/images/jazzy.png
[42.157s] -- Installing: /home/hayden/git/advRobotics/P1/drawN_ws/install/turtlesim/share/turtlesim/images/iron.png
[42.158s] -- Installing: /home/hayden/git/advRobotics/P1/drawN_ws/install/turtlesim/share/turtlesim/images/dashing.png
[42.158s] -- Installing: /home/hayden/git/advRobotics/P1/drawN_ws/install/turtlesim/share/turtlesim/launch
[42.158s] -- Installing: /home/hayden/git/advRobotics/P1/drawN_ws/install/turtlesim/share/turtlesim/launch/multisim.launch.py
[42.158s] -- Installing: /home/hayden/git/advRobotics/P1/drawN_ws/install/turtlesim/share/ament_index/resource_index/package_run_dependencies/turtlesim
[42.158s] -- Installing: /home/hayden/git/advRobotics/P1/drawN_ws/install/turtlesim/share/ament_index/resource_index/parent_prefix_path/turtlesim
[42.158s] -- Installing: /home/hayden/git/advRobotics/P1/drawN_ws/install/turtlesim/share/turtlesim/environment/ament_prefix_path.sh
[42.159s] -- Installing: /home/hayden/git/advRobotics/P1/drawN_ws/install/turtlesim/share/turtlesim/environment/ament_prefix_path.dsv
[42.159s] -- Installing: /home/hayden/git/advRobotics/P1/drawN_ws/install/turtlesim/share/turtlesim/environment/path.sh
[42.159s] -- Installing: /home/hayden/git/advRobotics/P1/drawN_ws/install/turtlesim/share/turtlesim/environment/path.dsv
[42.159s] -- Installing: /home/hayden/git/advRobotics/P1/drawN_ws/install/turtlesim/share/turtlesim/local_setup.bash
[42.159s] -- Installing: /home/hayden/git/advRobotics/P1/drawN_ws/install/turtlesim/share/turtlesim/local_setup.sh
[42.159s] -- Installing: /home/hayden/git/advRobotics/P1/drawN_ws/install/turtlesim/share/turtlesim/local_setup.zsh
[42.159s] -- Installing: /home/hayden/git/advRobotics/P1/drawN_ws/install/turtlesim/share/turtlesim/local_setup.dsv
[42.160s] -- Installing: /home/hayden/git/advRobotics/P1/drawN_ws/install/turtlesim/share/turtlesim/package.dsv
[42.160s] -- Installing: /home/hayden/git/advRobotics/P1/drawN_ws/install/turtlesim/share/ament_index/resource_index/packages/turtlesim
[42.160s] -- Installing: /home/hayden/git/advRobotics/P1/drawN_ws/install/turtlesim/share/turtlesim/cmake/export_turtlesim__rosidl_generator_cExport.cmake
[42.161s] -- Installing: /home/hayden/git/advRobotics/P1/drawN_ws/install/turtlesim/share/turtlesim/cmake/export_turtlesim__rosidl_generator_cExport-noconfig.cmake
[42.162s] -- Installing: /home/hayden/git/advRobotics/P1/drawN_ws/install/turtlesim/share/turtlesim/cmake/export_turtlesim__rosidl_typesupport_fastrtps_cExport.cmake
[42.162s] -- Installing: /home/hayden/git/advRobotics/P1/drawN_ws/install/turtlesim/share/turtlesim/cmake/export_turtlesim__rosidl_typesupport_fastrtps_cExport-noconfig.cmake
[42.162s] -- Installing: /home/hayden/git/advRobotics/P1/drawN_ws/install/turtlesim/share/turtlesim/cmake/export_turtlesim__rosidl_generator_cppExport.cmake
[42.162s] -- Installing: /home/hayden/git/advRobotics/P1/drawN_ws/install/turtlesim/share/turtlesim/cmake/export_turtlesim__rosidl_typesupport_fastrtps_cppExport.cmake
[42.162s] -- Installing: /home/hayden/git/advRobotics/P1/drawN_ws/install/turtlesim/share/turtlesim/cmake/export_turtlesim__rosidl_typesupport_fastrtps_cppExport-noconfig.cmake
[42.162s] -- Installing: /home/hayden/git/advRobotics/P1/drawN_ws/install/turtlesim/share/turtlesim/cmake/turtlesim__rosidl_typesupport_introspection_cExport.cmake
[42.162s] -- Installing: /home/hayden/git/advRobotics/P1/drawN_ws/install/turtlesim/share/turtlesim/cmake/turtlesim__rosidl_typesupport_introspection_cExport-noconfig.cmake
[42.163s] -- Installing: /home/hayden/git/advRobotics/P1/drawN_ws/install/turtlesim/share/turtlesim/cmake/turtlesim__rosidl_typesupport_cExport.cmake
[42.163s] -- Installing: /home/hayden/git/advRobotics/P1/drawN_ws/install/turtlesim/share/turtlesim/cmake/turtlesim__rosidl_typesupport_cExport-noconfig.cmake
[42.163s] -- Installing: /home/hayden/git/advRobotics/P1/drawN_ws/install/turtlesim/share/turtlesim/cmake/turtlesim__rosidl_typesupport_introspection_cppExport.cmake
[42.163s] -- Installing: /home/hayden/git/advRobotics/P1/drawN_ws/install/turtlesim/share/turtlesim/cmake/turtlesim__rosidl_typesupport_introspection_cppExport-noconfig.cmake
[42.164s] -- Installing: /home/hayden/git/advRobotics/P1/drawN_ws/install/turtlesim/share/turtlesim/cmake/turtlesim__rosidl_typesupport_cppExport.cmake
[42.164s] -- Installing: /home/hayden/git/advRobotics/P1/drawN_ws/install/turtlesim/share/turtlesim/cmake/turtlesim__rosidl_typesupport_cppExport-noconfig.cmake
[42.164s] -- Installing: /home/hayden/git/advRobotics/P1/drawN_ws/install/turtlesim/share/turtlesim/cmake/export_turtlesim__rosidl_generator_pyExport.cmake
[42.164s] -- Installing: /home/hayden/git/advRobotics/P1/drawN_ws/install/turtlesim/share/turtlesim/cmake/export_turtlesim__rosidl_generator_pyExport-noconfig.cmake
[42.165s] -- Installing: /home/hayden/git/advRobotics/P1/drawN_ws/install/turtlesim/share/turtlesim/cmake/rosidl_cmake-extras.cmake
[42.165s] -- Installing: /home/hayden/git/advRobotics/P1/drawN_ws/install/turtlesim/share/turtlesim/cmake/ament_cmake_export_dependencies-extras.cmake
[42.165s] -- Installing: /home/hayden/git/advRobotics/P1/drawN_ws/install/turtlesim/share/turtlesim/cmake/ament_cmake_export_include_directories-extras.cmake
[42.165s] -- Installing: /home/hayden/git/advRobotics/P1/drawN_ws/install/turtlesim/share/turtlesim/cmake/ament_cmake_export_libraries-extras.cmake
[42.166s] -- Installing: /home/hayden/git/advRobotics/P1/drawN_ws/install/turtlesim/share/turtlesim/cmake/ament_cmake_export_targets-extras.cmake
[42.166s] -- Installing: /home/hayden/git/advRobotics/P1/drawN_ws/install/turtlesim/share/turtlesim/cmake/rosidl_cmake_export_typesupport_targets-extras.cmake
[42.166s] -- Installing: /home/hayden/git/advRobotics/P1/drawN_ws/install/turtlesim/share/turtlesim/cmake/rosidl_cmake_export_typesupport_libraries-extras.cmake
[42.166s] -- Installing: /home/hayden/git/advRobotics/P1/drawN_ws/install/turtlesim/share/turtlesim/cmake/turtlesimConfig.cmake
[42.166s] -- Installing: /home/hayden/git/advRobotics/P1/drawN_ws/install/turtlesim/share/turtlesim/cmake/turtlesimConfig-version.cmake
[42.166s] -- Installing: /home/hayden/git/advRobotics/P1/drawN_ws/install/turtlesim/share/turtlesim/package.xml
[42.171s] Invoked command in '/home/hayden/git/advRobotics/P1/drawN_ws/build/turtlesim' returned '0': CMAKE_PREFIX_PATH=${CMAKE_PREFIX_PATH}:/opt/ros/jazzy DEBUGINFOD_URLS=https://debuginfod.ubuntu.com /usr/bin/cmake --install /home/hayden/git/advRobotics/P1/drawN_ws/build/turtlesim
