[0.045s] Invoking command in '/home/hayden/git/advRobotics/P1/turtlebot3_ws/build/dynamixel_sdk': CMAKE_PREFIX_PATH=${CMAKE_PREFIX_PATH}:/home/hayden/git/advRobotics/P1/turtlebot3_ws/install/turtlebot3_teleop:/home/hayden/git/advRobotics/P1/turtlebot3_ws/install/turtlebot3_example:/opt/ros/jazzy DEBUGINFOD_URLS=https://debuginfod.ubuntu.com /usr/bin/cmake --build /home/hayden/git/advRobotics/P1/turtlebot3_ws/build/dynamixel_sdk -- -j6 -l6
[0.201s] [100%] Built target dynamixel_sdk
[0.201s] [100%] Built target ament_cmake_python_symlink_dynamixel_sdk
[0.596s] running egg_info
[0.625s] writing dynamixel_sdk.egg-info/PKG-INFO
[0.626s] writing dependency_links to dynamixel_sdk.egg-info/dependency_links.txt
[0.627s] writing top-level names to dynamixel_sdk.egg-info/top_level.txt
[0.699s] reading manifest file 'dynamixel_sdk.egg-info/SOURCES.txt'
[0.702s] writing manifest file 'dynamixel_sdk.egg-info/SOURCES.txt'
[0.750s] [100%] Built target ament_cmake_python_build_dynamixel_sdk_egg
[0.782s] Invoked command in '/home/hayden/git/advRobotics/P1/turtlebot3_ws/build/dynamixel_sdk' returned '0': CMAKE_PREFIX_PATH=${CMAKE_PREFIX_PATH}:/home/hayden/git/advRobotics/P1/turtlebot3_ws/install/turtlebot3_teleop:/home/hayden/git/advRobotics/P1/turtlebot3_ws/install/turtlebot3_example:/opt/ros/jazzy DEBUGINFOD_URLS=https://debuginfod.ubuntu.com /usr/bin/cmake --build /home/hayden/git/advRobotics/P1/turtlebot3_ws/build/dynamixel_sdk -- -j6 -l6
[0.783s] Invoking command in '/home/hayden/git/advRobotics/P1/turtlebot3_ws/build/dynamixel_sdk': CMAKE_PREFIX_PATH=${CMAKE_PREFIX_PATH}:/home/hayden/git/advRobotics/P1/turtlebot3_ws/install/turtlebot3_teleop:/home/hayden/git/advRobotics/P1/turtlebot3_ws/install/turtlebot3_example:/opt/ros/jazzy DEBUGINFOD_URLS=https://debuginfod.ubuntu.com /usr/bin/cmake --install /home/hayden/git/advRobotics/P1/turtlebot3_ws/build/dynamixel_sdk
[0.805s] -- Install configuration: ""
[0.805s] -- Execute custom install script
[0.811s] -- Up-to-date symlink: /home/hayden/git/advRobotics/P1/turtlebot3_ws/install/dynamixel_sdk/include//dynamixel_sdk/dynamixel_sdk.h
[0.812s] -- Up-to-date symlink: /home/hayden/git/advRobotics/P1/turtlebot3_ws/install/dynamixel_sdk/include//dynamixel_sdk/group_bulk_read.h
[0.812s] -- Up-to-date symlink: /home/hayden/git/advRobotics/P1/turtlebot3_ws/install/dynamixel_sdk/include//dynamixel_sdk/group_bulk_write.h
[0.812s] -- Up-to-date symlink: /home/hayden/git/advRobotics/P1/turtlebot3_ws/install/dynamixel_sdk/include//dynamixel_sdk/group_fast_bulk_read.h
[0.812s] -- Up-to-date symlink: /home/hayden/git/advRobotics/P1/turtlebot3_ws/install/dynamixel_sdk/include//dynamixel_sdk/group_fast_sync_read.h
[0.812s] -- Up-to-date symlink: /home/hayden/git/advRobotics/P1/turtlebot3_ws/install/dynamixel_sdk/include//dynamixel_sdk/group_handler.h
[0.812s] -- Up-to-date symlink: /home/hayden/git/advRobotics/P1/turtlebot3_ws/install/dynamixel_sdk/include//dynamixel_sdk/group_sync_read.h
[0.812s] -- Up-to-date symlink: /home/hayden/git/advRobotics/P1/turtlebot3_ws/install/dynamixel_sdk/include//dynamixel_sdk/group_sync_write.h
[0.812s] -- Up-to-date symlink: /home/hayden/git/advRobotics/P1/turtlebot3_ws/install/dynamixel_sdk/include//dynamixel_sdk/packet_handler.h
[0.812s] -- Up-to-date symlink: /home/hayden/git/advRobotics/P1/turtlebot3_ws/install/dynamixel_sdk/include//dynamixel_sdk/port_handler.h
[0.812s] -- Up-to-date symlink: /home/hayden/git/advRobotics/P1/turtlebot3_ws/install/dynamixel_sdk/include//dynamixel_sdk/port_handler_arduino.h
[0.812s] -- Up-to-date symlink: /home/hayden/git/advRobotics/P1/turtlebot3_ws/install/dynamixel_sdk/include//dynamixel_sdk/port_handler_linux.h
[0.812s] -- Up-to-date symlink: /home/hayden/git/advRobotics/P1/turtlebot3_ws/install/dynamixel_sdk/include//dynamixel_sdk/port_handler_mac.h
[0.812s] -- Up-to-date symlink: /home/hayden/git/advRobotics/P1/turtlebot3_ws/install/dynamixel_sdk/include//dynamixel_sdk/port_handler_windows.h
[0.812s] -- Up-to-date symlink: /home/hayden/git/advRobotics/P1/turtlebot3_ws/install/dynamixel_sdk/include//dynamixel_sdk/protocol1_packet_handler.h
[0.812s] -- Up-to-date symlink: /home/hayden/git/advRobotics/P1/turtlebot3_ws/install/dynamixel_sdk/include//dynamixel_sdk/protocol2_packet_handler.h
[0.812s] -- Up-to-date symlink: /home/hayden/git/advRobotics/P1/turtlebot3_ws/install/dynamixel_sdk/share/dynamixel_sdk/environment/pythonpath.sh
[0.813s] -- Up-to-date symlink: /home/hayden/git/advRobotics/P1/turtlebot3_ws/install/dynamixel_sdk/share/dynamixel_sdk/environment/pythonpath.dsv
[0.813s] -- Up-to-date symlink: /home/hayden/git/advRobotics/P1/turtlebot3_ws/install/dynamixel_sdk/lib/python3.12/site-packages/dynamixel_sdk-3.8.4-py3.12.egg-info/PKG-INFO
[0.813s] -- Up-to-date symlink: /home/hayden/git/advRobotics/P1/turtlebot3_ws/install/dynamixel_sdk/lib/python3.12/site-packages/dynamixel_sdk-3.8.4-py3.12.egg-info/SOURCES.txt
[0.820s] -- Up-to-date symlink: /home/hayden/git/advRobotics/P1/turtlebot3_ws/install/dynamixel_sdk/lib/python3.12/site-packages/dynamixel_sdk-3.8.4-py3.12.egg-info/dependency_links.txt
[0.824s] -- Up-to-date symlink: /home/hayden/git/advRobotics/P1/turtlebot3_ws/install/dynamixel_sdk/lib/python3.12/site-packages/dynamixel_sdk-3.8.4-py3.12.egg-info/top_level.txt
[0.824s] -- Up-to-date symlink: /home/hayden/git/advRobotics/P1/turtlebot3_ws/install/dynamixel_sdk/lib/python3.12/site-packages/dynamixel_sdk/__init__.py
[0.824s] -- Up-to-date symlink: /home/hayden/git/advRobotics/P1/turtlebot3_ws/install/dynamixel_sdk/lib/python3.12/site-packages/dynamixel_sdk/group_bulk_read.cpp
[0.824s] -- Up-to-date symlink: /home/hayden/git/advRobotics/P1/turtlebot3_ws/install/dynamixel_sdk/lib/python3.12/site-packages/dynamixel_sdk/group_bulk_read.py
[0.824s] -- Up-to-date symlink: /home/hayden/git/advRobotics/P1/turtlebot3_ws/install/dynamixel_sdk/lib/python3.12/site-packages/dynamixel_sdk/group_bulk_write.cpp
[0.824s] -- Up-to-date symlink: /home/hayden/git/advRobotics/P1/turtlebot3_ws/install/dynamixel_sdk/lib/python3.12/site-packages/dynamixel_sdk/group_bulk_write.py
[0.824s] -- Up-to-date symlink: /home/hayden/git/advRobotics/P1/turtlebot3_ws/install/dynamixel_sdk/lib/python3.12/site-packages/dynamixel_sdk/group_fast_bulk_read.cpp
[0.824s] -- Up-to-date symlink: /home/hayden/git/advRobotics/P1/turtlebot3_ws/install/dynamixel_sdk/lib/python3.12/site-packages/dynamixel_sdk/group_fast_sync_read.cpp
[0.824s] -- Up-to-date symlink: /home/hayden/git/advRobotics/P1/turtlebot3_ws/install/dynamixel_sdk/lib/python3.12/site-packages/dynamixel_sdk/group_handler.cpp
[0.824s] -- Up-to-date symlink: /home/hayden/git/advRobotics/P1/turtlebot3_ws/install/dynamixel_sdk/lib/python3.12/site-packages/dynamixel_sdk/group_sync_read.cpp
[0.824s] -- Up-to-date symlink: /home/hayden/git/advRobotics/P1/turtlebot3_ws/install/dynamixel_sdk/lib/python3.12/site-packages/dynamixel_sdk/group_sync_read.py
[0.824s] -- Up-to-date symlink: /home/hayden/git/advRobotics/P1/turtlebot3_ws/install/dynamixel_sdk/lib/python3.12/site-packages/dynamixel_sdk/group_sync_write.cpp
[0.824s] -- Up-to-date symlink: /home/hayden/git/advRobotics/P1/turtlebot3_ws/install/dynamixel_sdk/lib/python3.12/site-packages/dynamixel_sdk/group_sync_write.py
[0.825s] -- Up-to-date symlink: /home/hayden/git/advRobotics/P1/turtlebot3_ws/install/dynamixel_sdk/lib/python3.12/site-packages/dynamixel_sdk/packet_handler.cpp
[0.825s] -- Up-to-date symlink: /home/hayden/git/advRobotics/P1/turtlebot3_ws/install/dynamixel_sdk/lib/python3.12/site-packages/dynamixel_sdk/packet_handler.py
[0.825s] -- Up-to-date symlink: /home/hayden/git/advRobotics/P1/turtlebot3_ws/install/dynamixel_sdk/lib/python3.12/site-packages/dynamixel_sdk/port_handler.cpp
[0.825s] -- Up-to-date symlink: /home/hayden/git/advRobotics/P1/turtlebot3_ws/install/dynamixel_sdk/lib/python3.12/site-packages/dynamixel_sdk/port_handler.py
[0.825s] -- Up-to-date symlink: /home/hayden/git/advRobotics/P1/turtlebot3_ws/install/dynamixel_sdk/lib/python3.12/site-packages/dynamixel_sdk/port_handler_arduino.cpp
[0.825s] -- Up-to-date symlink: /home/hayden/git/advRobotics/P1/turtlebot3_ws/install/dynamixel_sdk/lib/python3.12/site-packages/dynamixel_sdk/port_handler_linux.cpp
[0.825s] -- Up-to-date symlink: /home/hayden/git/advRobotics/P1/turtlebot3_ws/install/dynamixel_sdk/lib/python3.12/site-packages/dynamixel_sdk/port_handler_mac.cpp
[0.825s] -- Up-to-date symlink: /home/hayden/git/advRobotics/P1/turtlebot3_ws/install/dynamixel_sdk/lib/python3.12/site-packages/dynamixel_sdk/port_handler_windows.cpp
[0.825s] -- Up-to-date symlink: /home/hayden/git/advRobotics/P1/turtlebot3_ws/install/dynamixel_sdk/lib/python3.12/site-packages/dynamixel_sdk/protocol1_packet_handler.cpp
[0.825s] -- Up-to-date symlink: /home/hayden/git/advRobotics/P1/turtlebot3_ws/install/dynamixel_sdk/lib/python3.12/site-packages/dynamixel_sdk/protocol1_packet_handler.py
[0.825s] -- Up-to-date symlink: /home/hayden/git/advRobotics/P1/turtlebot3_ws/install/dynamixel_sdk/lib/python3.12/site-packages/dynamixel_sdk/protocol2_packet_handler.cpp
[0.825s] -- Up-to-date symlink: /home/hayden/git/advRobotics/P1/turtlebot3_ws/install/dynamixel_sdk/lib/python3.12/site-packages/dynamixel_sdk/protocol2_packet_handler.py
[0.825s] -- Up-to-date symlink: /home/hayden/git/advRobotics/P1/turtlebot3_ws/install/dynamixel_sdk/lib/python3.12/site-packages/dynamixel_sdk/robotis_def.py
[0.825s] -- Up-to-date symlink: /home/hayden/git/advRobotics/P1/turtlebot3_ws/install/dynamixel_sdk/share/dynamixel_sdk/environment/library_path.sh
[0.825s] -- Up-to-date symlink: /home/hayden/git/advRobotics/P1/turtlebot3_ws/install/dynamixel_sdk/share/dynamixel_sdk/environment/library_path.dsv
[0.825s] -- Up-to-date symlink: /home/hayden/git/advRobotics/P1/turtlebot3_ws/install/dynamixel_sdk/share/ament_index/resource_index/package_run_dependencies/dynamixel_sdk
[0.825s] -- Up-to-date symlink: /home/hayden/git/advRobotics/P1/turtlebot3_ws/install/dynamixel_sdk/share/ament_index/resource_index/parent_prefix_path/dynamixel_sdk
[0.825s] -- Up-to-date symlink: /home/hayden/git/advRobotics/P1/turtlebot3_ws/install/dynamixel_sdk/share/dynamixel_sdk/environment/ament_prefix_path.sh
[0.825s] -- Up-to-date symlink: /home/hayden/git/advRobotics/P1/turtlebot3_ws/install/dynamixel_sdk/share/dynamixel_sdk/environment/ament_prefix_path.dsv
[0.825s] -- Up-to-date symlink: /home/hayden/git/advRobotics/P1/turtlebot3_ws/install/dynamixel_sdk/share/dynamixel_sdk/environment/path.sh
[0.826s] -- Up-to-date symlink: /home/hayden/git/advRobotics/P1/turtlebot3_ws/install/dynamixel_sdk/share/dynamixel_sdk/environment/path.dsv
[0.826s] -- Up-to-date symlink: /home/hayden/git/advRobotics/P1/turtlebot3_ws/install/dynamixel_sdk/share/dynamixel_sdk/local_setup.bash
[0.826s] -- Up-to-date symlink: /home/hayden/git/advRobotics/P1/turtlebot3_ws/install/dynamixel_sdk/share/dynamixel_sdk/local_setup.sh
[0.826s] -- Up-to-date symlink: /home/hayden/git/advRobotics/P1/turtlebot3_ws/install/dynamixel_sdk/share/dynamixel_sdk/local_setup.zsh
[0.826s] -- Up-to-date symlink: /home/hayden/git/advRobotics/P1/turtlebot3_ws/install/dynamixel_sdk/share/dynamixel_sdk/local_setup.dsv
[0.826s] -- Symlinking: /home/hayden/git/advRobotics/P1/turtlebot3_ws/install/dynamixel_sdk/share/dynamixel_sdk/package.dsv
[0.833s] -- Up-to-date symlink: /home/hayden/git/advRobotics/P1/turtlebot3_ws/install/dynamixel_sdk/share/ament_index/resource_index/packages/dynamixel_sdk
[0.833s] -- Up-to-date symlink: /home/hayden/git/advRobotics/P1/turtlebot3_ws/install/dynamixel_sdk/share/dynamixel_sdk/cmake/ament_cmake_export_targets-extras.cmake
[0.835s] -- Up-to-date symlink: /home/hayden/git/advRobotics/P1/turtlebot3_ws/install/dynamixel_sdk/share/dynamixel_sdk/cmake/ament_cmake_export_include_directories-extras.cmake
[0.836s] -- Up-to-date symlink: /home/hayden/git/advRobotics/P1/turtlebot3_ws/install/dynamixel_sdk/share/dynamixel_sdk/cmake/ament_cmake_export_libraries-extras.cmake
[0.836s] -- Up-to-date symlink: /home/hayden/git/advRobotics/P1/turtlebot3_ws/install/dynamixel_sdk/share/dynamixel_sdk/cmake/dynamixel_sdkConfig.cmake
[0.836s] -- Up-to-date symlink: /home/hayden/git/advRobotics/P1/turtlebot3_ws/install/dynamixel_sdk/share/dynamixel_sdk/cmake/dynamixel_sdkConfig-version.cmake
[0.836s] -- Up-to-date symlink: /home/hayden/git/advRobotics/P1/turtlebot3_ws/install/dynamixel_sdk/share/dynamixel_sdk/package.xml
[0.837s] -- Up-to-date: /home/hayden/git/advRobotics/P1/turtlebot3_ws/install/dynamixel_sdk/lib/libdynamixel_sdk.so
[0.878s] Listing '/home/hayden/git/advRobotics/P1/turtlebot3_ws/install/dynamixel_sdk/lib/python3.12/site-packages/dynamixel_sdk'...
[0.884s] -- Up-to-date: /home/hayden/git/advRobotics/P1/turtlebot3_ws/install/dynamixel_sdk/share/dynamixel_sdk/cmake/dynamixel_sdkExport.cmake
[0.884s] -- Up-to-date: /home/hayden/git/advRobotics/P1/turtlebot3_ws/install/dynamixel_sdk/share/dynamixel_sdk/cmake/dynamixel_sdkExport-noconfig.cmake
[0.915s] Invoked command in '/home/hayden/git/advRobotics/P1/turtlebot3_ws/build/dynamixel_sdk' returned '0': CMAKE_PREFIX_PATH=${CMAKE_PREFIX_PATH}:/home/hayden/git/advRobotics/P1/turtlebot3_ws/install/turtlebot3_teleop:/home/hayden/git/advRobotics/P1/turtlebot3_ws/install/turtlebot3_example:/opt/ros/jazzy DEBUGINFOD_URLS=https://debuginfod.ubuntu.com /usr/bin/cmake --install /home/hayden/git/advRobotics/P1/turtlebot3_ws/build/dynamixel_sdk
