[0.030s] Invoking command in '/home/hayden/git/advRobotics/P1/turtlebot3_ws/build/dynamixel_sdk_examples': AMENT_PREFIX_PATH=/home/hayden/git/advRobotics/P1/turtlebot3_ws/install/dynamixel_sdk_custom_interfaces:/home/hayden/git/advRobotics/P1/turtlebot3_ws/install/dynamixel_sdk:${AMENT_PREFIX_PATH} CMAKE_PREFIX_PATH=/home/hayden/git/advRobotics/P1/turtlebot3_ws/install/dynamixel_sdk_custom_interfaces:/home/hayden/git/advRobotics/P1/turtlebot3_ws/install/dynamixel_sdk:/opt/ros/jazzy/opt/gz_sim_vendor:/opt/ros/jazzy/opt/gz_sensors_vendor:/opt/ros/jazzy/opt/gz_physics_vendor:/opt/ros/jazzy/opt/sdformat_vendor:/opt/ros/jazzy/opt/gz_gui_vendor:/opt/ros/jazzy/opt/gz_transport_vendor:/opt/ros/jazzy/opt/gz_rendering_vendor:/opt/ros/jazzy/opt/gz_plugin_vendor:/opt/ros/jazzy/opt/gz_fuel_tools_vendor:/opt/ros/jazzy/opt/gz_msgs_vendor:/opt/ros/jazzy/opt/gz_common_vendor:/opt/ros/jazzy/opt/gz_math_vendor:/opt/ros/jazzy/opt/gz_utils_vendor:/opt/ros/jazzy/opt/gz_tools_vendor:/opt/ros/jazzy/opt/gz_ogre_next_vendor:/opt/ros/jazzy/opt/gz_dartsim_vendor:/opt/ros/jazzy/opt/gz_cmake_vendor:/opt/ros/jazzy DEBUGINFOD_URLS=https://debuginfod.ubuntu.com LD_LIBRARY_PATH=/home/hayden/git/advRobotics/P1/turtlebot3_ws/install/dynamixel_sdk_custom_interfaces/lib:/home/hayden/git/advRobotics/P1/turtlebot3_ws/install/dynamixel_sdk/lib:${LD_LIBRARY_PATH} PYTHONPATH=/home/hayden/git/advRobotics/P1/turtlebot3_ws/install/dynamixel_sdk_custom_interfaces/lib/python3.12/site-packages:/home/hayden/git/advRobotics/P1/turtlebot3_ws/install/dynamixel_sdk/lib/python3.12/site-packages:${PYTHONPATH} /usr/bin/cmake /home/hayden/git/advRobotics/P1/turtlebot3_ws/src/DynamixelSDK/ros/dynamixel_sdk_examples -DAMENT_CMAKE_SYMLINK_INSTALL=1 -DCMAKE_INSTALL_PREFIX=/home/hayden/git/advRobotics/P1/turtlebot3_ws/install/dynamixel_sdk_examples
[0.125s] -- The C compiler identification is GNU 13.3.0
[0.241s] -- The CXX compiler identification is GNU 13.3.0
[0.276s] -- Detecting C compiler ABI info
[0.437s] -- Detecting C compiler ABI info - done
[0.457s] -- Check for working C compiler: /usr/bin/cc - skipped
[0.457s] -- Detecting C compile features
[0.457s] -- Detecting C compile features - done
[0.477s] -- Detecting CXX compiler ABI info
[0.682s] -- Detecting CXX compiler ABI info - done
[0.693s] -- Check for working CXX compiler: /usr/bin/c++ - skipped
[0.695s] -- Detecting CXX compile features
[0.695s] -- Detecting CXX compile features - done
[0.700s] -- Found ament_cmake: 2.5.4 (/opt/ros/jazzy/share/ament_cmake/cmake)
[0.953s] -- Found Python3: /usr/bin/python3 (found version "3.12.3") found components: Interpreter 
[1.087s] -- Override CMake install command with custom implementation using symlinks instead of copying resources
[1.148s] -- Found dynamixel_sdk: 3.8.4 (/home/hayden/git/advRobotics/P1/turtlebot3_ws/install/dynamixel_sdk/share/dynamixel_sdk/cmake)
[1.150s] -- Found dynamixel_sdk_custom_interfaces: 3.8.4 (/home/hayden/git/advRobotics/P1/turtlebot3_ws/install/dynamixel_sdk_custom_interfaces/share/dynamixel_sdk_custom_interfaces/cmake)
[1.216s] -- Found rosidl_generator_c: 4.6.6 (/opt/ros/jazzy/share/rosidl_generator_c/cmake)
[1.237s] -- Found rosidl_generator_cpp: 4.6.6 (/opt/ros/jazzy/share/rosidl_generator_cpp/cmake)
[1.259s] -- Using all available rosidl_typesupport_c: rosidl_typesupport_fastrtps_c;rosidl_typesupport_introspection_c
[1.290s] -- Using all available rosidl_typesupport_cpp: rosidl_typesupport_fastrtps_cpp;rosidl_typesupport_introspection_cpp
[1.368s] -- Found rclcpp: 28.1.11 (/opt/ros/jazzy/share/rclcpp/cmake)
[1.522s] -- Found rmw_implementation_cmake: 7.3.2 (/opt/ros/jazzy/share/rmw_implementation_cmake/cmake)
[1.538s] -- Found rmw_fastrtps_cpp: 8.4.3 (/opt/ros/jazzy/share/rmw_fastrtps_cpp/cmake)
[1.794s] -- Found OpenSSL: /usr/lib/x86_64-linux-gnu/libcrypto.so (found version "3.0.13")  
[1.842s] -- Found FastRTPS: /opt/ros/jazzy/include (Required is at least version "2.13") 
[1.877s] -- Using RMW implementation 'rmw_fastrtps_cpp' as default
[2.081s] -- Found rclpy: 7.1.5 (/opt/ros/jazzy/share/rclpy/cmake)
[2.088s] -- Found ament_lint_auto: 0.17.3 (/opt/ros/jazzy/share/ament_lint_auto/cmake)
[2.278s] -- Added test 'copyright' to check source files copyright and LICENSE
[2.284s] -- Added test 'cppcheck' to perform static code analysis on C / C++ code
[2.286s] -- Configured cppcheck include dirs: /home/hayden/git/advRobotics/P1/turtlebot3_ws/src/DynamixelSDK/ros/dynamixel_sdk_examples/include
[2.286s] -- Configured cppcheck exclude dirs and/or files: 
[2.289s] -- Added test 'cpplint' to check C / C++ code against the Google style
[2.289s] -- Configured cpplint exclude dirs and/or files: 
[2.291s] -- Added test 'flake8' to check Python code syntax and style conventions
[2.292s] -- Configured 'flake8' exclude dirs and/or files: 
[2.295s] -- Added test 'lint_cmake' to check CMake code style
[2.299s] -- Added test 'pep257' to check Python code against some of the docstring style conventions in PEP 257
[2.306s] -- Added test 'uncrustify' to check C / C++ code style
[2.306s] -- Configured uncrustify additional arguments: 
[2.308s] -- Added test 'xmllint' to check XML markup files
[2.318s] -- Configuring done (2.3s)
[2.340s] -- Generating done (0.0s)
[2.345s] -- Build files have been written to: /home/hayden/git/advRobotics/P1/turtlebot3_ws/build/dynamixel_sdk_examples
[2.360s] Invoked command in '/home/hayden/git/advRobotics/P1/turtlebot3_ws/build/dynamixel_sdk_examples' returned '0': AMENT_PREFIX_PATH=/home/hayden/git/advRobotics/P1/turtlebot3_ws/install/dynamixel_sdk_custom_interfaces:/home/hayden/git/advRobotics/P1/turtlebot3_ws/install/dynamixel_sdk:${AMENT_PREFIX_PATH} CMAKE_PREFIX_PATH=/home/hayden/git/advRobotics/P1/turtlebot3_ws/install/dynamixel_sdk_custom_interfaces:/home/hayden/git/advRobotics/P1/turtlebot3_ws/install/dynamixel_sdk:/opt/ros/jazzy/opt/gz_sim_vendor:/opt/ros/jazzy/opt/gz_sensors_vendor:/opt/ros/jazzy/opt/gz_physics_vendor:/opt/ros/jazzy/opt/sdformat_vendor:/opt/ros/jazzy/opt/gz_gui_vendor:/opt/ros/jazzy/opt/gz_transport_vendor:/opt/ros/jazzy/opt/gz_rendering_vendor:/opt/ros/jazzy/opt/gz_plugin_vendor:/opt/ros/jazzy/opt/gz_fuel_tools_vendor:/opt/ros/jazzy/opt/gz_msgs_vendor:/opt/ros/jazzy/opt/gz_common_vendor:/opt/ros/jazzy/opt/gz_math_vendor:/opt/ros/jazzy/opt/gz_utils_vendor:/opt/ros/jazzy/opt/gz_tools_vendor:/opt/ros/jazzy/opt/gz_ogre_next_vendor:/opt/ros/jazzy/opt/gz_dartsim_vendor:/opt/ros/jazzy/opt/gz_cmake_vendor:/opt/ros/jazzy DEBUGINFOD_URLS=https://debuginfod.ubuntu.com LD_LIBRARY_PATH=/home/hayden/git/advRobotics/P1/turtlebot3_ws/install/dynamixel_sdk_custom_interfaces/lib:/home/hayden/git/advRobotics/P1/turtlebot3_ws/install/dynamixel_sdk/lib:${LD_LIBRARY_PATH} PYTHONPATH=/home/hayden/git/advRobotics/P1/turtlebot3_ws/install/dynamixel_sdk_custom_interfaces/lib/python3.12/site-packages:/home/hayden/git/advRobotics/P1/turtlebot3_ws/install/dynamixel_sdk/lib/python3.12/site-packages:${PYTHONPATH} /usr/bin/cmake /home/hayden/git/advRobotics/P1/turtlebot3_ws/src/DynamixelSDK/ros/dynamixel_sdk_examples -DAMENT_CMAKE_SYMLINK_INSTALL=1 -DCMAKE_INSTALL_PREFIX=/home/hayden/git/advRobotics/P1/turtlebot3_ws/install/dynamixel_sdk_examples
[2.362s] Invoking command in '/home/hayden/git/advRobotics/P1/turtlebot3_ws/build/dynamixel_sdk_examples': AMENT_PREFIX_PATH=/home/hayden/git/advRobotics/P1/turtlebot3_ws/install/dynamixel_sdk_custom_interfaces:/home/hayden/git/advRobotics/P1/turtlebot3_ws/install/dynamixel_sdk:${AMENT_PREFIX_PATH} CMAKE_PREFIX_PATH=/home/hayden/git/advRobotics/P1/turtlebot3_ws/install/dynamixel_sdk_custom_interfaces:/home/hayden/git/advRobotics/P1/turtlebot3_ws/install/dynamixel_sdk:/opt/ros/jazzy/opt/gz_sim_vendor:/opt/ros/jazzy/opt/gz_sensors_vendor:/opt/ros/jazzy/opt/gz_physics_vendor:/opt/ros/jazzy/opt/sdformat_vendor:/opt/ros/jazzy/opt/gz_gui_vendor:/opt/ros/jazzy/opt/gz_transport_vendor:/opt/ros/jazzy/opt/gz_rendering_vendor:/opt/ros/jazzy/opt/gz_plugin_vendor:/opt/ros/jazzy/opt/gz_fuel_tools_vendor:/opt/ros/jazzy/opt/gz_msgs_vendor:/opt/ros/jazzy/opt/gz_common_vendor:/opt/ros/jazzy/opt/gz_math_vendor:/opt/ros/jazzy/opt/gz_utils_vendor:/opt/ros/jazzy/opt/gz_tools_vendor:/opt/ros/jazzy/opt/gz_ogre_next_vendor:/opt/ros/jazzy/opt/gz_dartsim_vendor:/opt/ros/jazzy/opt/gz_cmake_vendor:/opt/ros/jazzy DEBUGINFOD_URLS=https://debuginfod.ubuntu.com LD_LIBRARY_PATH=/home/hayden/git/advRobotics/P1/turtlebot3_ws/install/dynamixel_sdk_custom_interfaces/lib:/home/hayden/git/advRobotics/P1/turtlebot3_ws/install/dynamixel_sdk/lib:${LD_LIBRARY_PATH} PYTHONPATH=/home/hayden/git/advRobotics/P1/turtlebot3_ws/install/dynamixel_sdk_custom_interfaces/lib/python3.12/site-packages:/home/hayden/git/advRobotics/P1/turtlebot3_ws/install/dynamixel_sdk/lib/python3.12/site-packages:${PYTHONPATH} /usr/bin/cmake --build /home/hayden/git/advRobotics/P1/turtlebot3_ws/build/dynamixel_sdk_examples -- -j6 -l6
[2.485s] [ 50%] [32mBuilding CXX object CMakeFiles/read_write_node.dir/src/read_write_node.cpp.o[0m
[14.483s] [100%] [32m[1mLinking CXX executable read_write_node[0m
[15.240s] [100%] Built target read_write_node
[15.406s] Invoked command in '/home/hayden/git/advRobotics/P1/turtlebot3_ws/build/dynamixel_sdk_examples' returned '0': AMENT_PREFIX_PATH=/home/hayden/git/advRobotics/P1/turtlebot3_ws/install/dynamixel_sdk_custom_interfaces:/home/hayden/git/advRobotics/P1/turtlebot3_ws/install/dynamixel_sdk:${AMENT_PREFIX_PATH} CMAKE_PREFIX_PATH=/home/hayden/git/advRobotics/P1/turtlebot3_ws/install/dynamixel_sdk_custom_interfaces:/home/hayden/git/advRobotics/P1/turtlebot3_ws/install/dynamixel_sdk:/opt/ros/jazzy/opt/gz_sim_vendor:/opt/ros/jazzy/opt/gz_sensors_vendor:/opt/ros/jazzy/opt/gz_physics_vendor:/opt/ros/jazzy/opt/sdformat_vendor:/opt/ros/jazzy/opt/gz_gui_vendor:/opt/ros/jazzy/opt/gz_transport_vendor:/opt/ros/jazzy/opt/gz_rendering_vendor:/opt/ros/jazzy/opt/gz_plugin_vendor:/opt/ros/jazzy/opt/gz_fuel_tools_vendor:/opt/ros/jazzy/opt/gz_msgs_vendor:/opt/ros/jazzy/opt/gz_common_vendor:/opt/ros/jazzy/opt/gz_math_vendor:/opt/ros/jazzy/opt/gz_utils_vendor:/opt/ros/jazzy/opt/gz_tools_vendor:/opt/ros/jazzy/opt/gz_ogre_next_vendor:/opt/ros/jazzy/opt/gz_dartsim_vendor:/opt/ros/jazzy/opt/gz_cmake_vendor:/opt/ros/jazzy DEBUGINFOD_URLS=https://debuginfod.ubuntu.com LD_LIBRARY_PATH=/home/hayden/git/advRobotics/P1/turtlebot3_ws/install/dynamixel_sdk_custom_interfaces/lib:/home/hayden/git/advRobotics/P1/turtlebot3_ws/install/dynamixel_sdk/lib:${LD_LIBRARY_PATH} PYTHONPATH=/home/hayden/git/advRobotics/P1/turtlebot3_ws/install/dynamixel_sdk_custom_interfaces/lib/python3.12/site-packages:/home/hayden/git/advRobotics/P1/turtlebot3_ws/install/dynamixel_sdk/lib/python3.12/site-packages:${PYTHONPATH} /usr/bin/cmake --build /home/hayden/git/advRobotics/P1/turtlebot3_ws/build/dynamixel_sdk_examples -- -j6 -l6
[15.408s] Invoking command in '/home/hayden/git/advRobotics/P1/turtlebot3_ws/build/dynamixel_sdk_examples': AMENT_PREFIX_PATH=/home/hayden/git/advRobotics/P1/turtlebot3_ws/install/dynamixel_sdk_custom_interfaces:/home/hayden/git/advRobotics/P1/turtlebot3_ws/install/dynamixel_sdk:${AMENT_PREFIX_PATH} CMAKE_PREFIX_PATH=/home/hayden/git/advRobotics/P1/turtlebot3_ws/install/dynamixel_sdk_custom_interfaces:/home/hayden/git/advRobotics/P1/turtlebot3_ws/install/dynamixel_sdk:/opt/ros/jazzy/opt/gz_sim_vendor:/opt/ros/jazzy/opt/gz_sensors_vendor:/opt/ros/jazzy/opt/gz_physics_vendor:/opt/ros/jazzy/opt/sdformat_vendor:/opt/ros/jazzy/opt/gz_gui_vendor:/opt/ros/jazzy/opt/gz_transport_vendor:/opt/ros/jazzy/opt/gz_rendering_vendor:/opt/ros/jazzy/opt/gz_plugin_vendor:/opt/ros/jazzy/opt/gz_fuel_tools_vendor:/opt/ros/jazzy/opt/gz_msgs_vendor:/opt/ros/jazzy/opt/gz_common_vendor:/opt/ros/jazzy/opt/gz_math_vendor:/opt/ros/jazzy/opt/gz_utils_vendor:/opt/ros/jazzy/opt/gz_tools_vendor:/opt/ros/jazzy/opt/gz_ogre_next_vendor:/opt/ros/jazzy/opt/gz_dartsim_vendor:/opt/ros/jazzy/opt/gz_cmake_vendor:/opt/ros/jazzy DEBUGINFOD_URLS=https://debuginfod.ubuntu.com LD_LIBRARY_PATH=/home/hayden/git/advRobotics/P1/turtlebot3_ws/install/dynamixel_sdk_custom_interfaces/lib:/home/hayden/git/advRobotics/P1/turtlebot3_ws/install/dynamixel_sdk/lib:${LD_LIBRARY_PATH} PYTHONPATH=/home/hayden/git/advRobotics/P1/turtlebot3_ws/install/dynamixel_sdk_custom_interfaces/lib/python3.12/site-packages:/home/hayden/git/advRobotics/P1/turtlebot3_ws/install/dynamixel_sdk/lib/python3.12/site-packages:${PYTHONPATH} /usr/bin/cmake --install /home/hayden/git/advRobotics/P1/turtlebot3_ws/build/dynamixel_sdk_examples
[15.436s] -- Install configuration: ""
[15.437s] -- Execute custom install script
[15.439s] -- Symlinking: /home/hayden/git/advRobotics/P1/turtlebot3_ws/install/dynamixel_sdk_examples/lib/dynamixel_sdk_examples/read_write_node
[15.477s] -- Symlinking: /home/hayden/git/advRobotics/P1/turtlebot3_ws/install/dynamixel_sdk_examples/lib/dynamixel_sdk_examples/read_write_node.py
[15.510s] -- Symlinking: /home/hayden/git/advRobotics/P1/turtlebot3_ws/install/dynamixel_sdk_examples/share/ament_index/resource_index/package_run_dependencies/dynamixel_sdk_examples
[15.536s] -- Symlinking: /home/hayden/git/advRobotics/P1/turtlebot3_ws/install/dynamixel_sdk_examples/share/ament_index/resource_index/parent_prefix_path/dynamixel_sdk_examples
[15.582s] -- Symlinking: /home/hayden/git/advRobotics/P1/turtlebot3_ws/install/dynamixel_sdk_examples/share/dynamixel_sdk_examples/environment/ament_prefix_path.sh
[15.617s] -- Symlinking: /home/hayden/git/advRobotics/P1/turtlebot3_ws/install/dynamixel_sdk_examples/share/dynamixel_sdk_examples/environment/ament_prefix_path.dsv
[15.632s] -- Symlinking: /home/hayden/git/advRobotics/P1/turtlebot3_ws/install/dynamixel_sdk_examples/share/dynamixel_sdk_examples/environment/path.sh
[15.667s] -- Symlinking: /home/hayden/git/advRobotics/P1/turtlebot3_ws/install/dynamixel_sdk_examples/share/dynamixel_sdk_examples/environment/path.dsv
[15.792s] -- Symlinking: /home/hayden/git/advRobotics/P1/turtlebot3_ws/install/dynamixel_sdk_examples/share/dynamixel_sdk_examples/local_setup.bash
[18.045s] -- Symlinking: /home/hayden/git/advRobotics/P1/turtlebot3_ws/install/dynamixel_sdk_examples/share/dynamixel_sdk_examples/local_setup.sh
[18.126s] -- Symlinking: /home/hayden/git/advRobotics/P1/turtlebot3_ws/install/dynamixel_sdk_examples/share/dynamixel_sdk_examples/local_setup.zsh
[18.146s] -- Symlinking: /home/hayden/git/advRobotics/P1/turtlebot3_ws/install/dynamixel_sdk_examples/share/dynamixel_sdk_examples/local_setup.dsv
[18.158s] -- Symlinking: /home/hayden/git/advRobotics/P1/turtlebot3_ws/install/dynamixel_sdk_examples/share/dynamixel_sdk_examples/package.dsv
[18.820s] -- Symlinking: /home/hayden/git/advRobotics/P1/turtlebot3_ws/install/dynamixel_sdk_examples/share/ament_index/resource_index/packages/dynamixel_sdk_examples
[18.855s] -- Symlinking: /home/hayden/git/advRobotics/P1/turtlebot3_ws/install/dynamixel_sdk_examples/share/dynamixel_sdk_examples/cmake/dynamixel_sdk_examplesConfig.cmake
[18.994s] -- Symlinking: /home/hayden/git/advRobotics/P1/turtlebot3_ws/install/dynamixel_sdk_examples/share/dynamixel_sdk_examples/cmake/dynamixel_sdk_examplesConfig-version.cmake
[19.038s] -- Symlinking: /home/hayden/git/advRobotics/P1/turtlebot3_ws/install/dynamixel_sdk_examples/share/dynamixel_sdk_examples/package.xml
[19.068s] Invoked command in '/home/hayden/git/advRobotics/P1/turtlebot3_ws/build/dynamixel_sdk_examples' returned '0': AMENT_PREFIX_PATH=/home/hayden/git/advRobotics/P1/turtlebot3_ws/install/dynamixel_sdk_custom_interfaces:/home/hayden/git/advRobotics/P1/turtlebot3_ws/install/dynamixel_sdk:${AMENT_PREFIX_PATH} CMAKE_PREFIX_PATH=/home/hayden/git/advRobotics/P1/turtlebot3_ws/install/dynamixel_sdk_custom_interfaces:/home/hayden/git/advRobotics/P1/turtlebot3_ws/install/dynamixel_sdk:/opt/ros/jazzy/opt/gz_sim_vendor:/opt/ros/jazzy/opt/gz_sensors_vendor:/opt/ros/jazzy/opt/gz_physics_vendor:/opt/ros/jazzy/opt/sdformat_vendor:/opt/ros/jazzy/opt/gz_gui_vendor:/opt/ros/jazzy/opt/gz_transport_vendor:/opt/ros/jazzy/opt/gz_rendering_vendor:/opt/ros/jazzy/opt/gz_plugin_vendor:/opt/ros/jazzy/opt/gz_fuel_tools_vendor:/opt/ros/jazzy/opt/gz_msgs_vendor:/opt/ros/jazzy/opt/gz_common_vendor:/opt/ros/jazzy/opt/gz_math_vendor:/opt/ros/jazzy/opt/gz_utils_vendor:/opt/ros/jazzy/opt/gz_tools_vendor:/opt/ros/jazzy/opt/gz_ogre_next_vendor:/opt/ros/jazzy/opt/gz_dartsim_vendor:/opt/ros/jazzy/opt/gz_cmake_vendor:/opt/ros/jazzy DEBUGINFOD_URLS=https://debuginfod.ubuntu.com LD_LIBRARY_PATH=/home/hayden/git/advRobotics/P1/turtlebot3_ws/install/dynamixel_sdk_custom_interfaces/lib:/home/hayden/git/advRobotics/P1/turtlebot3_ws/install/dynamixel_sdk/lib:${LD_LIBRARY_PATH} PYTHONPATH=/home/hayden/git/advRobotics/P1/turtlebot3_ws/install/dynamixel_sdk_custom_interfaces/lib/python3.12/site-packages:/home/hayden/git/advRobotics/P1/turtlebot3_ws/install/dynamixel_sdk/lib/python3.12/site-packages:${PYTHONPATH} /usr/bin/cmake --install /home/hayden/git/advRobotics/P1/turtlebot3_ws/build/dynamixel_sdk_examples
