[0.074s] Invoking command in '/home/hayden/git/advRobotics/P1/turtlebot3_ws/build/dynamixel_sdk': CMAKE_PREFIX_PATH=${CMAKE_PREFIX_PATH}:/opt/ros/jazzy DEBUGINFOD_URLS=https://debuginfod.ubuntu.com /usr/bin/cmake /home/hayden/git/advRobotics/P1/turtlebot3_ws/src/DynamixelSDK/ros/dynamixel_sdk -DAMENT_CMAKE_SYMLINK_INSTALL=1 -DCMAKE_INSTALL_PREFIX=/home/hayden/git/advRobotics/P1/turtlebot3_ws/install/dynamixel_sdk
[0.490s] -- The C compiler identification is GNU 13.3.0
[0.780s] -- The CXX compiler identification is GNU 13.3.0
[0.848s] -- Detecting C compiler ABI info
[1.046s] -- Detecting C compiler ABI info - done
[1.053s] -- Check for working C compiler: /usr/bin/cc - skipped
[1.053s] -- Detecting C compile features
[1.054s] -- Detecting C compile features - done
[1.077s] -- Detecting CXX compiler ABI info
[1.264s] -- Detecting CXX compiler ABI info - done
[1.280s] -- Check for working CXX compiler: /usr/bin/c++ - skipped
[1.281s] -- Detecting CXX compile features
[1.282s] -- Detecting CXX compile features - done
[1.288s] -- Found ament_cmake: 2.5.4 (/opt/ros/jazzy/share/ament_cmake/cmake)
[1.478s] -- Found Python3: /usr/bin/python3 (found version "3.12.3") found components: Interpreter 
[1.597s] -- Override CMake install command with custom implementation using symlinks instead of copying resources
[2.089s] -- Configuring done (1.9s)
[2.101s] -- Generating done (0.0s)
[2.105s] -- Build files have been written to: /home/hayden/git/advRobotics/P1/turtlebot3_ws/build/dynamixel_sdk
[2.114s] Invoked command in '/home/hayden/git/advRobotics/P1/turtlebot3_ws/build/dynamixel_sdk' returned '0': CMAKE_PREFIX_PATH=${CMAKE_PREFIX_PATH}:/opt/ros/jazzy DEBUGINFOD_URLS=https://debuginfod.ubuntu.com /usr/bin/cmake /home/hayden/git/advRobotics/P1/turtlebot3_ws/src/DynamixelSDK/ros/dynamixel_sdk -DAMENT_CMAKE_SYMLINK_INSTALL=1 -DCMAKE_INSTALL_PREFIX=/home/hayden/git/advRobotics/P1/turtlebot3_ws/install/dynamixel_sdk
[2.115s] Invoking command in '/home/hayden/git/advRobotics/P1/turtlebot3_ws/build/dynamixel_sdk': CMAKE_PREFIX_PATH=${CMAKE_PREFIX_PATH}:/opt/ros/jazzy DEBUGINFOD_URLS=https://debuginfod.ubuntu.com /usr/bin/cmake --build /home/hayden/git/advRobotics/P1/turtlebot3_ws/build/dynamixel_sdk -- -j6 -l6
[2.241s] [  7%] [32mBuilding CXX object CMakeFiles/dynamixel_sdk.dir/src/dynamixel_sdk/packet_handler.cpp.o[0m
[2.242s] [ 15%] [32mBuilding CXX object CMakeFiles/dynamixel_sdk.dir/src/dynamixel_sdk/protocol1_packet_handler.cpp.o[0m
[2.252s] [ 23%] [32mBuilding CXX object CMakeFiles/dynamixel_sdk.dir/src/dynamixel_sdk/group_sync_write.cpp.o[0m
[2.252s] [ 30%] [32mBuilding CXX object CMakeFiles/dynamixel_sdk.dir/src/dynamixel_sdk/group_sync_read.cpp.o[0m
[2.258s] [ 30%] Built target ament_cmake_python_symlink_dynamixel_sdk
[2.259s] [ 38%] [32mBuilding CXX object CMakeFiles/dynamixel_sdk.dir/src/dynamixel_sdk/protocol2_packet_handler.cpp.o[0m
[2.687s] [ 46%] [32mBuilding CXX object CMakeFiles/dynamixel_sdk.dir/src/dynamixel_sdk/group_bulk_read.cpp.o[0m
[2.776s] [ 53%] [32mBuilding CXX object CMakeFiles/dynamixel_sdk.dir/src/dynamixel_sdk/group_bulk_write.cpp.o[0m
[2.855s] running egg_info
[2.861s] creating dynamixel_sdk.egg-info
[2.891s] writing dynamixel_sdk.egg-info/PKG-INFO
[2.892s] writing dependency_links to dynamixel_sdk.egg-info/dependency_links.txt
[2.893s] writing top-level names to dynamixel_sdk.egg-info/top_level.txt
[2.893s] writing manifest file 'dynamixel_sdk.egg-info/SOURCES.txt'
[2.945s] [ 61%] [32mBuilding CXX object CMakeFiles/dynamixel_sdk.dir/src/dynamixel_sdk/group_fast_bulk_read.cpp.o[0m
[3.012s] reading manifest file 'dynamixel_sdk.egg-info/SOURCES.txt'
[3.017s] writing manifest file 'dynamixel_sdk.egg-info/SOURCES.txt'
[3.137s] [ 69%] [32mBuilding CXX object CMakeFiles/dynamixel_sdk.dir/src/dynamixel_sdk/group_fast_sync_read.cpp.o[0m
[3.137s] [ 69%] Built target ament_cmake_python_build_dynamixel_sdk_egg
[3.177s] [ 76%] [32mBuilding CXX object CMakeFiles/dynamixel_sdk.dir/src/dynamixel_sdk/port_handler.cpp.o[0m
[3.238s] [ 84%] [32mBuilding CXX object CMakeFiles/dynamixel_sdk.dir/src/dynamixel_sdk/group_handler.cpp.o[0m
[3.265s] [ 92%] [32mBuilding CXX object CMakeFiles/dynamixel_sdk.dir/src/dynamixel_sdk/port_handler_linux.cpp.o[0m
[3.574s] [100%] [32m[1mLinking CXX shared library libdynamixel_sdk.so[0m
[3.684s] [100%] Built target dynamixel_sdk
[3.701s] Invoked command in '/home/hayden/git/advRobotics/P1/turtlebot3_ws/build/dynamixel_sdk' returned '0': CMAKE_PREFIX_PATH=${CMAKE_PREFIX_PATH}:/opt/ros/jazzy DEBUGINFOD_URLS=https://debuginfod.ubuntu.com /usr/bin/cmake --build /home/hayden/git/advRobotics/P1/turtlebot3_ws/build/dynamixel_sdk -- -j6 -l6
[3.702s] Invoking command in '/home/hayden/git/advRobotics/P1/turtlebot3_ws/build/dynamixel_sdk': CMAKE_PREFIX_PATH=${CMAKE_PREFIX_PATH}:/opt/ros/jazzy DEBUGINFOD_URLS=https://debuginfod.ubuntu.com /usr/bin/cmake --install /home/hayden/git/advRobotics/P1/turtlebot3_ws/build/dynamixel_sdk
[3.713s] -- Install configuration: ""
[3.714s] -- Execute custom install script
[3.715s] -- Symlinking: /home/hayden/git/advRobotics/P1/turtlebot3_ws/install/dynamixel_sdk/include//dynamixel_sdk/dynamixel_sdk.h
[3.729s] -- Symlinking: /home/hayden/git/advRobotics/P1/turtlebot3_ws/install/dynamixel_sdk/include//dynamixel_sdk/group_bulk_read.h
[3.746s] -- Symlinking: /home/hayden/git/advRobotics/P1/turtlebot3_ws/install/dynamixel_sdk/include//dynamixel_sdk/group_bulk_write.h
[3.758s] -- Symlinking: /home/hayden/git/advRobotics/P1/turtlebot3_ws/install/dynamixel_sdk/include//dynamixel_sdk/group_fast_bulk_read.h
[3.770s] -- Symlinking: /home/hayden/git/advRobotics/P1/turtlebot3_ws/install/dynamixel_sdk/include//dynamixel_sdk/group_fast_sync_read.h
[3.783s] -- Symlinking: /home/hayden/git/advRobotics/P1/turtlebot3_ws/install/dynamixel_sdk/include//dynamixel_sdk/group_handler.h
[3.796s] -- Symlinking: /home/hayden/git/advRobotics/P1/turtlebot3_ws/install/dynamixel_sdk/include//dynamixel_sdk/group_sync_read.h
[3.809s] -- Symlinking: /home/hayden/git/advRobotics/P1/turtlebot3_ws/install/dynamixel_sdk/include//dynamixel_sdk/group_sync_write.h
[3.834s] -- Symlinking: /home/hayden/git/advRobotics/P1/turtlebot3_ws/install/dynamixel_sdk/include//dynamixel_sdk/packet_handler.h
[3.852s] -- Symlinking: /home/hayden/git/advRobotics/P1/turtlebot3_ws/install/dynamixel_sdk/include//dynamixel_sdk/port_handler.h
[3.863s] -- Symlinking: /home/hayden/git/advRobotics/P1/turtlebot3_ws/install/dynamixel_sdk/include//dynamixel_sdk/port_handler_arduino.h
[3.878s] -- Symlinking: /home/hayden/git/advRobotics/P1/turtlebot3_ws/install/dynamixel_sdk/include//dynamixel_sdk/port_handler_linux.h
[3.895s] -- Symlinking: /home/hayden/git/advRobotics/P1/turtlebot3_ws/install/dynamixel_sdk/include//dynamixel_sdk/port_handler_mac.h
[3.912s] -- Symlinking: /home/hayden/git/advRobotics/P1/turtlebot3_ws/install/dynamixel_sdk/include//dynamixel_sdk/port_handler_windows.h
[3.933s] -- Symlinking: /home/hayden/git/advRobotics/P1/turtlebot3_ws/install/dynamixel_sdk/include//dynamixel_sdk/protocol1_packet_handler.h
[3.948s] -- Symlinking: /home/hayden/git/advRobotics/P1/turtlebot3_ws/install/dynamixel_sdk/include//dynamixel_sdk/protocol2_packet_handler.h
[3.964s] -- Symlinking: /home/hayden/git/advRobotics/P1/turtlebot3_ws/install/dynamixel_sdk/share/dynamixel_sdk/environment/pythonpath.sh
[3.979s] -- Symlinking: /home/hayden/git/advRobotics/P1/turtlebot3_ws/install/dynamixel_sdk/share/dynamixel_sdk/environment/pythonpath.dsv
[3.995s] -- Symlinking: /home/hayden/git/advRobotics/P1/turtlebot3_ws/install/dynamixel_sdk/lib/python3.12/site-packages/dynamixel_sdk-3.8.4-py3.12.egg-info/PKG-INFO
[4.007s] -- Symlinking: /home/hayden/git/advRobotics/P1/turtlebot3_ws/install/dynamixel_sdk/lib/python3.12/site-packages/dynamixel_sdk-3.8.4-py3.12.egg-info/SOURCES.txt
[4.019s] -- Symlinking: /home/hayden/git/advRobotics/P1/turtlebot3_ws/install/dynamixel_sdk/lib/python3.12/site-packages/dynamixel_sdk-3.8.4-py3.12.egg-info/dependency_links.txt
[4.034s] -- Symlinking: /home/hayden/git/advRobotics/P1/turtlebot3_ws/install/dynamixel_sdk/lib/python3.12/site-packages/dynamixel_sdk-3.8.4-py3.12.egg-info/top_level.txt
[4.059s] -- Symlinking: /home/hayden/git/advRobotics/P1/turtlebot3_ws/install/dynamixel_sdk/lib/python3.12/site-packages/dynamixel_sdk/__init__.py
[4.085s] -- Symlinking: /home/hayden/git/advRobotics/P1/turtlebot3_ws/install/dynamixel_sdk/lib/python3.12/site-packages/dynamixel_sdk/group_bulk_read.cpp
[4.100s] -- Symlinking: /home/hayden/git/advRobotics/P1/turtlebot3_ws/install/dynamixel_sdk/lib/python3.12/site-packages/dynamixel_sdk/group_bulk_read.py
[4.113s] -- Symlinking: /home/hayden/git/advRobotics/P1/turtlebot3_ws/install/dynamixel_sdk/lib/python3.12/site-packages/dynamixel_sdk/group_bulk_write.cpp
[4.126s] -- Symlinking: /home/hayden/git/advRobotics/P1/turtlebot3_ws/install/dynamixel_sdk/lib/python3.12/site-packages/dynamixel_sdk/group_bulk_write.py
[4.139s] -- Symlinking: /home/hayden/git/advRobotics/P1/turtlebot3_ws/install/dynamixel_sdk/lib/python3.12/site-packages/dynamixel_sdk/group_fast_bulk_read.cpp
[4.155s] -- Symlinking: /home/hayden/git/advRobotics/P1/turtlebot3_ws/install/dynamixel_sdk/lib/python3.12/site-packages/dynamixel_sdk/group_fast_sync_read.cpp
[4.169s] -- Symlinking: /home/hayden/git/advRobotics/P1/turtlebot3_ws/install/dynamixel_sdk/lib/python3.12/site-packages/dynamixel_sdk/group_handler.cpp
[4.185s] -- Symlinking: /home/hayden/git/advRobotics/P1/turtlebot3_ws/install/dynamixel_sdk/lib/python3.12/site-packages/dynamixel_sdk/group_sync_read.cpp
[4.200s] -- Symlinking: /home/hayden/git/advRobotics/P1/turtlebot3_ws/install/dynamixel_sdk/lib/python3.12/site-packages/dynamixel_sdk/group_sync_read.py
[4.215s] -- Symlinking: /home/hayden/git/advRobotics/P1/turtlebot3_ws/install/dynamixel_sdk/lib/python3.12/site-packages/dynamixel_sdk/group_sync_write.cpp
[4.228s] -- Symlinking: /home/hayden/git/advRobotics/P1/turtlebot3_ws/install/dynamixel_sdk/lib/python3.12/site-packages/dynamixel_sdk/group_sync_write.py
[4.245s] -- Symlinking: /home/hayden/git/advRobotics/P1/turtlebot3_ws/install/dynamixel_sdk/lib/python3.12/site-packages/dynamixel_sdk/packet_handler.cpp
[4.258s] -- Symlinking: /home/hayden/git/advRobotics/P1/turtlebot3_ws/install/dynamixel_sdk/lib/python3.12/site-packages/dynamixel_sdk/packet_handler.py
[4.279s] -- Symlinking: /home/hayden/git/advRobotics/P1/turtlebot3_ws/install/dynamixel_sdk/lib/python3.12/site-packages/dynamixel_sdk/port_handler.cpp
[4.292s] -- Symlinking: /home/hayden/git/advRobotics/P1/turtlebot3_ws/install/dynamixel_sdk/lib/python3.12/site-packages/dynamixel_sdk/port_handler.py
[4.304s] -- Symlinking: /home/hayden/git/advRobotics/P1/turtlebot3_ws/install/dynamixel_sdk/lib/python3.12/site-packages/dynamixel_sdk/port_handler_arduino.cpp
[4.315s] -- Symlinking: /home/hayden/git/advRobotics/P1/turtlebot3_ws/install/dynamixel_sdk/lib/python3.12/site-packages/dynamixel_sdk/port_handler_linux.cpp
[4.327s] -- Symlinking: /home/hayden/git/advRobotics/P1/turtlebot3_ws/install/dynamixel_sdk/lib/python3.12/site-packages/dynamixel_sdk/port_handler_mac.cpp
[4.339s] -- Symlinking: /home/hayden/git/advRobotics/P1/turtlebot3_ws/install/dynamixel_sdk/lib/python3.12/site-packages/dynamixel_sdk/port_handler_windows.cpp
[4.349s] -- Symlinking: /home/hayden/git/advRobotics/P1/turtlebot3_ws/install/dynamixel_sdk/lib/python3.12/site-packages/dynamixel_sdk/protocol1_packet_handler.cpp
[4.365s] -- Symlinking: /home/hayden/git/advRobotics/P1/turtlebot3_ws/install/dynamixel_sdk/lib/python3.12/site-packages/dynamixel_sdk/protocol1_packet_handler.py
[4.382s] -- Symlinking: /home/hayden/git/advRobotics/P1/turtlebot3_ws/install/dynamixel_sdk/lib/python3.12/site-packages/dynamixel_sdk/protocol2_packet_handler.cpp
[4.399s] -- Symlinking: /home/hayden/git/advRobotics/P1/turtlebot3_ws/install/dynamixel_sdk/lib/python3.12/site-packages/dynamixel_sdk/protocol2_packet_handler.py
[4.422s] -- Symlinking: /home/hayden/git/advRobotics/P1/turtlebot3_ws/install/dynamixel_sdk/lib/python3.12/site-packages/dynamixel_sdk/robotis_def.py
[4.434s] -- Symlinking: /home/hayden/git/advRobotics/P1/turtlebot3_ws/install/dynamixel_sdk/share/dynamixel_sdk/environment/library_path.sh
[4.447s] -- Symlinking: /home/hayden/git/advRobotics/P1/turtlebot3_ws/install/dynamixel_sdk/share/dynamixel_sdk/environment/library_path.dsv
[4.458s] -- Symlinking: /home/hayden/git/advRobotics/P1/turtlebot3_ws/install/dynamixel_sdk/share/ament_index/resource_index/package_run_dependencies/dynamixel_sdk
[4.485s] -- Symlinking: /home/hayden/git/advRobotics/P1/turtlebot3_ws/install/dynamixel_sdk/share/ament_index/resource_index/parent_prefix_path/dynamixel_sdk
[4.485s] -- Symlinking: /home/hayden/git/advRobotics/P1/turtlebot3_ws/install/dynamixel_sdk/share/dynamixel_sdk/environment/ament_prefix_path.sh
[4.501s] -- Symlinking: /home/hayden/git/advRobotics/P1/turtlebot3_ws/install/dynamixel_sdk/share/dynamixel_sdk/environment/ament_prefix_path.dsv
[4.513s] -- Symlinking: /home/hayden/git/advRobotics/P1/turtlebot3_ws/install/dynamixel_sdk/share/dynamixel_sdk/environment/path.sh
[4.530s] -- Symlinking: /home/hayden/git/advRobotics/P1/turtlebot3_ws/install/dynamixel_sdk/share/dynamixel_sdk/environment/path.dsv
[4.541s] -- Symlinking: /home/hayden/git/advRobotics/P1/turtlebot3_ws/install/dynamixel_sdk/share/dynamixel_sdk/local_setup.bash
[4.552s] -- Symlinking: /home/hayden/git/advRobotics/P1/turtlebot3_ws/install/dynamixel_sdk/share/dynamixel_sdk/local_setup.sh
[4.563s] -- Symlinking: /home/hayden/git/advRobotics/P1/turtlebot3_ws/install/dynamixel_sdk/share/dynamixel_sdk/local_setup.zsh
[4.578s] -- Symlinking: /home/hayden/git/advRobotics/P1/turtlebot3_ws/install/dynamixel_sdk/share/dynamixel_sdk/local_setup.dsv
[4.596s] -- Symlinking: /home/hayden/git/advRobotics/P1/turtlebot3_ws/install/dynamixel_sdk/share/dynamixel_sdk/package.dsv
[4.608s] -- Symlinking: /home/hayden/git/advRobotics/P1/turtlebot3_ws/install/dynamixel_sdk/share/ament_index/resource_index/packages/dynamixel_sdk
[4.624s] -- Symlinking: /home/hayden/git/advRobotics/P1/turtlebot3_ws/install/dynamixel_sdk/share/dynamixel_sdk/cmake/ament_cmake_export_targets-extras.cmake
[4.670s] -- Symlinking: /home/hayden/git/advRobotics/P1/turtlebot3_ws/install/dynamixel_sdk/share/dynamixel_sdk/cmake/ament_cmake_export_include_directories-extras.cmake
[4.683s] -- Symlinking: /home/hayden/git/advRobotics/P1/turtlebot3_ws/install/dynamixel_sdk/share/dynamixel_sdk/cmake/ament_cmake_export_libraries-extras.cmake
[4.695s] -- Symlinking: /home/hayden/git/advRobotics/P1/turtlebot3_ws/install/dynamixel_sdk/share/dynamixel_sdk/cmake/dynamixel_sdkConfig.cmake
[4.705s] -- Symlinking: /home/hayden/git/advRobotics/P1/turtlebot3_ws/install/dynamixel_sdk/share/dynamixel_sdk/cmake/dynamixel_sdkConfig-version.cmake
[4.724s] -- Symlinking: /home/hayden/git/advRobotics/P1/turtlebot3_ws/install/dynamixel_sdk/share/dynamixel_sdk/package.xml
[4.737s] -- Installing: /home/hayden/git/advRobotics/P1/turtlebot3_ws/install/dynamixel_sdk/lib/libdynamixel_sdk.so
[4.792s] Listing '/home/hayden/git/advRobotics/P1/turtlebot3_ws/install/dynamixel_sdk/lib/python3.12/site-packages/dynamixel_sdk'...
[4.793s] Compiling '/home/hayden/git/advRobotics/P1/turtlebot3_ws/install/dynamixel_sdk/lib/python3.12/site-packages/dynamixel_sdk/__init__.py'...
[4.794s] Compiling '/home/hayden/git/advRobotics/P1/turtlebot3_ws/install/dynamixel_sdk/lib/python3.12/site-packages/dynamixel_sdk/group_bulk_read.py'...
[4.794s] Compiling '/home/hayden/git/advRobotics/P1/turtlebot3_ws/install/dynamixel_sdk/lib/python3.12/site-packages/dynamixel_sdk/group_bulk_write.py'...
[4.794s] Compiling '/home/hayden/git/advRobotics/P1/turtlebot3_ws/install/dynamixel_sdk/lib/python3.12/site-packages/dynamixel_sdk/group_sync_read.py'...
[4.794s] Compiling '/home/hayden/git/advRobotics/P1/turtlebot3_ws/install/dynamixel_sdk/lib/python3.12/site-packages/dynamixel_sdk/group_sync_write.py'...
[4.794s] Compiling '/home/hayden/git/advRobotics/P1/turtlebot3_ws/install/dynamixel_sdk/lib/python3.12/site-packages/dynamixel_sdk/packet_handler.py'...
[4.794s] Compiling '/home/hayden/git/advRobotics/P1/turtlebot3_ws/install/dynamixel_sdk/lib/python3.12/site-packages/dynamixel_sdk/port_handler.py'...
[4.794s] Compiling '/home/hayden/git/advRobotics/P1/turtlebot3_ws/install/dynamixel_sdk/lib/python3.12/site-packages/dynamixel_sdk/protocol1_packet_handler.py'...
[4.794s] Compiling '/home/hayden/git/advRobotics/P1/turtlebot3_ws/install/dynamixel_sdk/lib/python3.12/site-packages/dynamixel_sdk/protocol2_packet_handler.py'...
[4.794s] Compiling '/home/hayden/git/advRobotics/P1/turtlebot3_ws/install/dynamixel_sdk/lib/python3.12/site-packages/dynamixel_sdk/robotis_def.py'...
[4.794s] -- Installing: /home/hayden/git/advRobotics/P1/turtlebot3_ws/install/dynamixel_sdk/share/dynamixel_sdk/cmake/dynamixel_sdkExport.cmake
[4.794s] -- Installing: /home/hayden/git/advRobotics/P1/turtlebot3_ws/install/dynamixel_sdk/share/dynamixel_sdk/cmake/dynamixel_sdkExport-noconfig.cmake
[4.802s] Invoked command in '/home/hayden/git/advRobotics/P1/turtlebot3_ws/build/dynamixel_sdk' returned '0': CMAKE_PREFIX_PATH=${CMAKE_PREFIX_PATH}:/opt/ros/jazzy DEBUGINFOD_URLS=https://debuginfod.ubuntu.com /usr/bin/cmake --install /home/hayden/git/advRobotics/P1/turtlebot3_ws/build/dynamixel_sdk
