[0.055s] Invoking command in '/home/hayden/git/advRobotics/P1/turtlebot3_ws/build/turtlebot3_cartographer': CMAKE_PREFIX_PATH=${CMAKE_PREFIX_PATH}:/opt/ros/jazzy DEBUGINFOD_URLS=https://debuginfod.ubuntu.com /usr/bin/cmake /home/hayden/git/advRobotics/P1/turtlebot3_ws/src/turtlebot3/turtlebot3_cartographer -DAMENT_CMAKE_SYMLINK_INSTALL=1 -DCMAKE_INSTALL_PREFIX=/home/hayden/git/advRobotics/P1/turtlebot3_ws/install/turtlebot3_cartographer
[0.444s] -- The C compiler identification is GNU 13.3.0
[0.737s] -- The CXX compiler identification is GNU 13.3.0
[0.799s] -- Detecting C compiler ABI info
[0.965s] -- Detecting C compiler ABI info - done
[0.977s] -- Check for working C compiler: /usr/bin/cc - skipped
[0.977s] -- Detecting C compile features
[0.978s] -- Detecting C compile features - done
[1.007s] -- Detecting CXX compiler ABI info
[1.191s] -- Detecting CXX compiler ABI info - done
[1.213s] -- Check for working CXX compiler: /usr/bin/c++ - skipped
[1.214s] -- Detecting CXX compile features
[1.216s] -- Detecting CXX compile features - done
[1.235s] -- Found ament_cmake: 2.5.4 (/opt/ros/jazzy/share/ament_cmake/cmake)
[1.445s] -- Found Python3: /usr/bin/python3 (found version "3.12.3") found components: Interpreter 
[1.549s] -- Override CMake install command with custom implementation using symlinks instead of copying resources
[1.804s] -- Configuring done (1.7s)
[1.804s] -- Generating done (0.0s)
[1.809s] -- Build files have been written to: /home/hayden/git/advRobotics/P1/turtlebot3_ws/build/turtlebot3_cartographer
[1.826s] Invoked command in '/home/hayden/git/advRobotics/P1/turtlebot3_ws/build/turtlebot3_cartographer' returned '0': CMAKE_PREFIX_PATH=${CMAKE_PREFIX_PATH}:/opt/ros/jazzy DEBUGINFOD_URLS=https://debuginfod.ubuntu.com /usr/bin/cmake /home/hayden/git/advRobotics/P1/turtlebot3_ws/src/turtlebot3/turtlebot3_cartographer -DAMENT_CMAKE_SYMLINK_INSTALL=1 -DCMAKE_INSTALL_PREFIX=/home/hayden/git/advRobotics/P1/turtlebot3_ws/install/turtlebot3_cartographer
[1.827s] Invoking command in '/home/hayden/git/advRobotics/P1/turtlebot3_ws/build/turtlebot3_cartographer': CMAKE_PREFIX_PATH=${CMAKE_PREFIX_PATH}:/opt/ros/jazzy DEBUGINFOD_URLS=https://debuginfod.ubuntu.com /usr/bin/cmake --build /home/hayden/git/advRobotics/P1/turtlebot3_ws/build/turtlebot3_cartographer -- -j6 -l6
[1.970s] Invoked command in '/home/hayden/git/advRobotics/P1/turtlebot3_ws/build/turtlebot3_cartographer' returned '0': CMAKE_PREFIX_PATH=${CMAKE_PREFIX_PATH}:/opt/ros/jazzy DEBUGINFOD_URLS=https://debuginfod.ubuntu.com /usr/bin/cmake --build /home/hayden/git/advRobotics/P1/turtlebot3_ws/build/turtlebot3_cartographer -- -j6 -l6
[1.992s] Invoking command in '/home/hayden/git/advRobotics/P1/turtlebot3_ws/build/turtlebot3_cartographer': CMAKE_PREFIX_PATH=${CMAKE_PREFIX_PATH}:/opt/ros/jazzy DEBUGINFOD_URLS=https://debuginfod.ubuntu.com /usr/bin/cmake --install /home/hayden/git/advRobotics/P1/turtlebot3_ws/build/turtlebot3_cartographer
[2.016s] -- Install configuration: ""
[2.020s] -- Execute custom install script
[2.020s] -- Symlinking: /home/hayden/git/advRobotics/P1/turtlebot3_ws/install/turtlebot3_cartographer/share/turtlebot3_cartographer/config/turtlebot3_lds_2d.lua
[2.034s] -- Symlinking: /home/hayden/git/advRobotics/P1/turtlebot3_ws/install/turtlebot3_cartographer/share/turtlebot3_cartographer/launch/cartographer.launch.py
[2.059s] -- Symlinking: /home/hayden/git/advRobotics/P1/turtlebot3_ws/install/turtlebot3_cartographer/share/turtlebot3_cartographer/launch/occupancy_grid.launch.py
[2.072s] -- Symlinking: /home/hayden/git/advRobotics/P1/turtlebot3_ws/install/turtlebot3_cartographer/share/turtlebot3_cartographer/rviz/tb3_cartographer.rviz
[2.092s] -- Symlinking: /home/hayden/git/advRobotics/P1/turtlebot3_ws/install/turtlebot3_cartographer/share/ament_index/resource_index/package_run_dependencies/turtlebot3_cartographer
[2.137s] -- Symlinking: /home/hayden/git/advRobotics/P1/turtlebot3_ws/install/turtlebot3_cartographer/share/ament_index/resource_index/parent_prefix_path/turtlebot3_cartographer
[2.154s] -- Symlinking: /home/hayden/git/advRobotics/P1/turtlebot3_ws/install/turtlebot3_cartographer/share/turtlebot3_cartographer/environment/ament_prefix_path.sh
[2.174s] -- Symlinking: /home/hayden/git/advRobotics/P1/turtlebot3_ws/install/turtlebot3_cartographer/share/turtlebot3_cartographer/environment/ament_prefix_path.dsv
[2.203s] -- Symlinking: /home/hayden/git/advRobotics/P1/turtlebot3_ws/install/turtlebot3_cartographer/share/turtlebot3_cartographer/environment/path.sh
[2.227s] -- Symlinking: /home/hayden/git/advRobotics/P1/turtlebot3_ws/install/turtlebot3_cartographer/share/turtlebot3_cartographer/environment/path.dsv
[2.251s] -- Symlinking: /home/hayden/git/advRobotics/P1/turtlebot3_ws/install/turtlebot3_cartographer/share/turtlebot3_cartographer/local_setup.bash
[2.265s] -- Symlinking: /home/hayden/git/advRobotics/P1/turtlebot3_ws/install/turtlebot3_cartographer/share/turtlebot3_cartographer/local_setup.sh
[2.283s] -- Symlinking: /home/hayden/git/advRobotics/P1/turtlebot3_ws/install/turtlebot3_cartographer/share/turtlebot3_cartographer/local_setup.zsh
[2.299s] -- Symlinking: /home/hayden/git/advRobotics/P1/turtlebot3_ws/install/turtlebot3_cartographer/share/turtlebot3_cartographer/local_setup.dsv
[2.325s] -- Symlinking: /home/hayden/git/advRobotics/P1/turtlebot3_ws/install/turtlebot3_cartographer/share/turtlebot3_cartographer/package.dsv
[2.341s] -- Symlinking: /home/hayden/git/advRobotics/P1/turtlebot3_ws/install/turtlebot3_cartographer/share/ament_index/resource_index/packages/turtlebot3_cartographer
[2.363s] -- Symlinking: /home/hayden/git/advRobotics/P1/turtlebot3_ws/install/turtlebot3_cartographer/share/turtlebot3_cartographer/cmake/turtlebot3_cartographerConfig.cmake
[2.377s] -- Symlinking: /home/hayden/git/advRobotics/P1/turtlebot3_ws/install/turtlebot3_cartographer/share/turtlebot3_cartographer/cmake/turtlebot3_cartographerConfig-version.cmake
[2.426s] -- Symlinking: /home/hayden/git/advRobotics/P1/turtlebot3_ws/install/turtlebot3_cartographer/share/turtlebot3_cartographer/package.xml
[2.471s] Invoked command in '/home/hayden/git/advRobotics/P1/turtlebot3_ws/build/turtlebot3_cartographer' returned '0': CMAKE_PREFIX_PATH=${CMAKE_PREFIX_PATH}:/opt/ros/jazzy DEBUGINFOD_URLS=https://debuginfod.ubuntu.com /usr/bin/cmake --install /home/hayden/git/advRobotics/P1/turtlebot3_ws/build/turtlebot3_cartographer
